========================JOB INFO=========================
Job ID: 1407059
Job name: star-mfascicularis-bomv
Start date: Thu Jan  2 11:50:44 CST 2025
Current directory: /scratch/09961/jaturcin/bomv-nhps
=========================================================

[MSG] STEP 1 OF 2: CHECKING INPUTS
[MSG] Valid genome FASTA file: pipeline/genomes/mfascicularis-bomv.fa
[MSG] Valid annotation GTF file: pipeline/annotations/mfascicularis-bomv.gtf
[MSG] Creating index output directory: pipeline/indices/mfascicularis-bomv
[MSG] Using GTF feature: transcript
[MSG] Done checking inputs!

[MSG] STEP 2 OF 2: BUILD STAR INDEX
[MSG] CMD: STAR --runMode genomeGenerate --runThreadN 1 --genomeFastaFiles 'pipeline/genomes/mfascicularis-bomv.fa' --sjdbGTFfile 'pipeline/annotations/mfascicularis-bomv.gtf' --sjdbGTFfeatureExon transcript --genomeDir 'pipeline/indices/mfascicularis-bomv'
INFO:    gocryptfs not found, will not be able to use gocryptfs
	/usr/local/bin/STAR-avx2 --runMode genomeGenerate --runThreadN 1 --genomeFastaFiles pipeline/genomes/mfascicularis-bomv.fa --sjdbGTFfile pipeline/annotations/mfascicularis-bomv.gtf --sjdbGTFfeatureExon transcript --genomeDir pipeline/indices/mfascicularis-bomv
	STAR version: 2.7.11b   compiled: 2024-03-19T08:38:59+0000 :/opt/conda/conda-bld/star_1710837244939/work/source
Jan 02 11:50:50 ..... started STAR run
Jan 02 11:50:50 ... starting to generate Genome files
Jan 02 11:51:41 ..... processing annotations GTF
Jan 02 11:52:03 ... starting to sort Suffix Array. This may take a long time...
Jan 02 11:52:22 ... sorting Suffix Array chunks and saving them to disk...
Jan 02 13:11:30 ... loading chunks from disk, packing SA...
Jan 02 13:13:19 ... finished generating suffix array
Jan 02 13:13:19 ... generating Suffix Array index
Jan 02 13:16:33 ... completed Suffix Array index
Jan 02 13:16:33 ... writing Genome to disk ...
Jan 02 13:16:40 ... writing Suffix Array to disk ...
Jan 02 13:17:11 ... writing SAindex to disk
Jan 02 13:17:14 ..... finished successfully
[MSG] Building STAR index succeeded


Currently Loaded Modules:
  1) intel/24.0      4) cmake/3.28.1   7) tacc-apptainer/1.3.3
  2) impi/21.11      5) xalt/3.1.1     8) biocontainers/0.1.0
  3) autotools/1.4   6) TACC           9) star/ctr-2.7.11b--h43eeafb_1

 

[MSG] JOB COMPLETE!

