                                 Started job on |	Jan 09 13:49:03
                             Started mapping on |	Jan 09 13:49:36
                                    Finished on |	Jan 09 13:59:06
       Mapping speed, Million of reads per hour |	296.53

                          Number of input reads |	46950183
                      Average input read length |	150
                                    UNIQUE READS:
                   Uniquely mapped reads number |	37005169
                        Uniquely mapped reads % |	78.82%
                          Average mapped length |	147.78
                       Number of splices: Total |	5980860
            Number of splices: Annotated (sjdb) |	0
                       Number of splices: GT/AG |	5892824
                       Number of splices: GC/AG |	36064
                       Number of splices: AT/AC |	3098
               Number of splices: Non-canonical |	48874
                      Mismatch rate per base, % |	1.24%
                         Deletion rate per base |	0.02%
                        Deletion average length |	1.92
                        Insertion rate per base |	0.01%
                       Insertion average length |	1.79
                             MULTI-MAPPING READS:
        Number of reads mapped to multiple loci |	5914705
             % of reads mapped to multiple loci |	12.60%
        Number of reads mapped to too many loci |	16333
             % of reads mapped to too many loci |	0.03%
                                  UNMAPPED READS:
  Number of reads unmapped: too many mismatches |	0
       % of reads unmapped: too many mismatches |	0.00%
            Number of reads unmapped: too short |	3990567
                 % of reads unmapped: too short |	8.50%
                Number of reads unmapped: other |	23409
                     % of reads unmapped: other |	0.05%
                                  CHIMERIC READS:
                       Number of chimeric reads |	0
                            % of chimeric reads |	0.00%
