                                 Started job on |	Jan 09 13:53:35
                             Started mapping on |	Jan 09 13:54:27
                                    Finished on |	Jan 09 14:04:03
       Mapping speed, Million of reads per hour |	285.93

                          Number of input reads |	45748576
                      Average input read length |	150
                                    UNIQUE READS:
                   Uniquely mapped reads number |	34934917
                        Uniquely mapped reads % |	76.36%
                          Average mapped length |	147.42
                       Number of splices: Total |	5630561
            Number of splices: Annotated (sjdb) |	0
                       Number of splices: GT/AG |	5523240
                       Number of splices: GC/AG |	35632
                       Number of splices: AT/AC |	3544
               Number of splices: Non-canonical |	68145
                      Mismatch rate per base, % |	1.22%
                         Deletion rate per base |	0.02%
                        Deletion average length |	1.81
                        Insertion rate per base |	0.01%
                       Insertion average length |	1.75
                             MULTI-MAPPING READS:
        Number of reads mapped to multiple loci |	6091538
             % of reads mapped to multiple loci |	13.32%
        Number of reads mapped to too many loci |	18797
             % of reads mapped to too many loci |	0.04%
                                  UNMAPPED READS:
  Number of reads unmapped: too many mismatches |	0
       % of reads unmapped: too many mismatches |	0.00%
            Number of reads unmapped: too short |	4676589
                 % of reads unmapped: too short |	10.22%
                Number of reads unmapped: other |	26735
                     % of reads unmapped: other |	0.06%
                                  CHIMERIC READS:
                       Number of chimeric reads |	0
                            % of chimeric reads |	0.00%
