                                 Started job on |	Jan 09 14:38:15
                             Started mapping on |	Jan 09 14:38:43
                                    Finished on |	Jan 09 14:47:32
       Mapping speed, Million of reads per hour |	314.61

                          Number of input reads |	46230074
                      Average input read length |	150
                                    UNIQUE READS:
                   Uniquely mapped reads number |	36332429
                        Uniquely mapped reads % |	78.59%
                          Average mapped length |	147.29
                       Number of splices: Total |	5963938
            Number of splices: Annotated (sjdb) |	0
                       Number of splices: GT/AG |	5867952
                       Number of splices: GC/AG |	34174
                       Number of splices: AT/AC |	3103
               Number of splices: Non-canonical |	58709
                      Mismatch rate per base, % |	1.19%
                         Deletion rate per base |	0.02%
                        Deletion average length |	2.03
                        Insertion rate per base |	0.01%
                       Insertion average length |	1.70
                             MULTI-MAPPING READS:
        Number of reads mapped to multiple loci |	5554994
             % of reads mapped to multiple loci |	12.02%
        Number of reads mapped to too many loci |	15583
             % of reads mapped to too many loci |	0.03%
                                  UNMAPPED READS:
  Number of reads unmapped: too many mismatches |	0
       % of reads unmapped: too many mismatches |	0.00%
            Number of reads unmapped: too short |	4309833
                 % of reads unmapped: too short |	9.32%
                Number of reads unmapped: other |	17235
                     % of reads unmapped: other |	0.04%
                                  CHIMERIC READS:
                       Number of chimeric reads |	0
                            % of chimeric reads |	0.00%
