                                 Started job on |	Jan 09 13:49:03
                             Started mapping on |	Jan 09 13:49:40
                                    Finished on |	Jan 09 13:59:55
       Mapping speed, Million of reads per hour |	281.05

                          Number of input reads |	48012023
                      Average input read length |	150
                                    UNIQUE READS:
                   Uniquely mapped reads number |	34620505
                        Uniquely mapped reads % |	72.11%
                          Average mapped length |	147.44
                       Number of splices: Total |	5430667
            Number of splices: Annotated (sjdb) |	0
                       Number of splices: GT/AG |	5324852
                       Number of splices: GC/AG |	35563
                       Number of splices: AT/AC |	3056
               Number of splices: Non-canonical |	67196
                      Mismatch rate per base, % |	1.23%
                         Deletion rate per base |	0.02%
                        Deletion average length |	1.83
                        Insertion rate per base |	0.01%
                       Insertion average length |	1.79
                             MULTI-MAPPING READS:
        Number of reads mapped to multiple loci |	8203620
             % of reads mapped to multiple loci |	17.09%
        Number of reads mapped to too many loci |	19615
             % of reads mapped to too many loci |	0.04%
                                  UNMAPPED READS:
  Number of reads unmapped: too many mismatches |	0
       % of reads unmapped: too many mismatches |	0.00%
            Number of reads unmapped: too short |	5140933
                 % of reads unmapped: too short |	10.71%
                Number of reads unmapped: other |	27350
                     % of reads unmapped: other |	0.06%
                                  CHIMERIC READS:
                       Number of chimeric reads |	0
                            % of chimeric reads |	0.00%
