                                 Started job on |	Jan 09 15:04:53
                             Started mapping on |	Jan 09 15:05:21
                                    Finished on |	Jan 09 15:15:36
       Mapping speed, Million of reads per hour |	305.29

                          Number of input reads |	52153587
                      Average input read length |	150
                                    UNIQUE READS:
                   Uniquely mapped reads number |	40221104
                        Uniquely mapped reads % |	77.12%
                          Average mapped length |	147.57
                       Number of splices: Total |	6613227
            Number of splices: Annotated (sjdb) |	0
                       Number of splices: GT/AG |	6515505
                       Number of splices: GC/AG |	37423
                       Number of splices: AT/AC |	3734
               Number of splices: Non-canonical |	56565
                      Mismatch rate per base, % |	1.19%
                         Deletion rate per base |	0.02%
                        Deletion average length |	1.90
                        Insertion rate per base |	0.01%
                       Insertion average length |	1.73
                             MULTI-MAPPING READS:
        Number of reads mapped to multiple loci |	7559026
             % of reads mapped to multiple loci |	14.49%
        Number of reads mapped to too many loci |	16571
             % of reads mapped to too many loci |	0.03%
                                  UNMAPPED READS:
  Number of reads unmapped: too many mismatches |	0
       % of reads unmapped: too many mismatches |	0.00%
            Number of reads unmapped: too short |	4336212
                 % of reads unmapped: too short |	8.31%
                Number of reads unmapped: other |	20674
                     % of reads unmapped: other |	0.04%
                                  CHIMERIC READS:
                       Number of chimeric reads |	0
                            % of chimeric reads |	0.00%
