                                 Started job on |	Jan 09 14:25:12
                             Started mapping on |	Jan 09 14:25:50
                                    Finished on |	Jan 09 14:34:45
       Mapping speed, Million of reads per hour |	305.36

                          Number of input reads |	45380505
                      Average input read length |	150
                                    UNIQUE READS:
                   Uniquely mapped reads number |	32342798
                        Uniquely mapped reads % |	71.27%
                          Average mapped length |	147.44
                       Number of splices: Total |	5909343
            Number of splices: Annotated (sjdb) |	0
                       Number of splices: GT/AG |	5811624
                       Number of splices: GC/AG |	35001
                       Number of splices: AT/AC |	3312
               Number of splices: Non-canonical |	59406
                      Mismatch rate per base, % |	1.18%
                         Deletion rate per base |	0.02%
                        Deletion average length |	1.95
                        Insertion rate per base |	0.01%
                       Insertion average length |	1.76
                             MULTI-MAPPING READS:
        Number of reads mapped to multiple loci |	8906863
             % of reads mapped to multiple loci |	19.63%
        Number of reads mapped to too many loci |	13882
             % of reads mapped to too many loci |	0.03%
                                  UNMAPPED READS:
  Number of reads unmapped: too many mismatches |	0
       % of reads unmapped: too many mismatches |	0.00%
            Number of reads unmapped: too short |	4101927
                 % of reads unmapped: too short |	9.04%
                Number of reads unmapped: other |	15035
                     % of reads unmapped: other |	0.03%
                                  CHIMERIC READS:
                       Number of chimeric reads |	0
                            % of chimeric reads |	0.00%
