                                 Started job on |	Jan 09 14:15:39
                             Started mapping on |	Jan 09 14:16:28
                                    Finished on |	Jan 09 14:25:46
       Mapping speed, Million of reads per hour |	309.71

                          Number of input reads |	48004594
                      Average input read length |	152
                                    UNIQUE READS:
                   Uniquely mapped reads number |	33729099
                        Uniquely mapped reads % |	70.26%
                          Average mapped length |	150.41
                       Number of splices: Total |	8754205
            Number of splices: Annotated (sjdb) |	0
                       Number of splices: GT/AG |	8691974
                       Number of splices: GC/AG |	29721
                       Number of splices: AT/AC |	2247
               Number of splices: Non-canonical |	30263
                      Mismatch rate per base, % |	0.58%
                         Deletion rate per base |	0.02%
                        Deletion average length |	2.05
                        Insertion rate per base |	0.01%
                       Insertion average length |	1.84
                             MULTI-MAPPING READS:
        Number of reads mapped to multiple loci |	9997062
             % of reads mapped to multiple loci |	20.83%
        Number of reads mapped to too many loci |	39496
             % of reads mapped to too many loci |	0.08%
                                  UNMAPPED READS:
  Number of reads unmapped: too many mismatches |	0
       % of reads unmapped: too many mismatches |	0.00%
            Number of reads unmapped: too short |	4211026
                 % of reads unmapped: too short |	8.77%
                Number of reads unmapped: other |	27911
                     % of reads unmapped: other |	0.06%
                                  CHIMERIC READS:
                       Number of chimeric reads |	0
                            % of chimeric reads |	0.00%
