                                 Started job on |	Jan 09 14:27:12
                             Started mapping on |	Jan 09 14:27:46
                                    Finished on |	Jan 09 14:35:25
       Mapping speed, Million of reads per hour |	301.71

                          Number of input reads |	38467970
                      Average input read length |	150
                                    UNIQUE READS:
                   Uniquely mapped reads number |	28917751
                        Uniquely mapped reads % |	75.17%
                          Average mapped length |	147.29
                       Number of splices: Total |	5156027
            Number of splices: Annotated (sjdb) |	0
                       Number of splices: GT/AG |	5076559
                       Number of splices: GC/AG |	28931
                       Number of splices: AT/AC |	2594
               Number of splices: Non-canonical |	47943
                      Mismatch rate per base, % |	1.21%
                         Deletion rate per base |	0.02%
                        Deletion average length |	1.90
                        Insertion rate per base |	0.01%
                       Insertion average length |	1.75
                             MULTI-MAPPING READS:
        Number of reads mapped to multiple loci |	5957965
             % of reads mapped to multiple loci |	15.49%
        Number of reads mapped to too many loci |	9568
             % of reads mapped to too many loci |	0.02%
                                  UNMAPPED READS:
  Number of reads unmapped: too many mismatches |	0
       % of reads unmapped: too many mismatches |	0.00%
            Number of reads unmapped: too short |	3568685
                 % of reads unmapped: too short |	9.28%
                Number of reads unmapped: other |	14001
                     % of reads unmapped: other |	0.04%
                                  CHIMERIC READS:
                       Number of chimeric reads |	0
                            % of chimeric reads |	0.00%
