                                 Started job on |	Jan 09 14:56:20
                             Started mapping on |	Jan 09 14:56:53
                                    Finished on |	Jan 09 15:07:29
       Mapping speed, Million of reads per hour |	234.24

                          Number of input reads |	41383041
                      Average input read length |	152
                                    UNIQUE READS:
                   Uniquely mapped reads number |	32471944
                        Uniquely mapped reads % |	78.47%
                          Average mapped length |	150.10
                       Number of splices: Total |	6525504
            Number of splices: Annotated (sjdb) |	0
                       Number of splices: GT/AG |	6441088
                       Number of splices: GC/AG |	41555
                       Number of splices: AT/AC |	3031
               Number of splices: Non-canonical |	39830
                      Mismatch rate per base, % |	0.78%
                         Deletion rate per base |	0.03%
                        Deletion average length |	2.14
                        Insertion rate per base |	0.02%
                       Insertion average length |	1.90
                             MULTI-MAPPING READS:
        Number of reads mapped to multiple loci |	2590635
             % of reads mapped to multiple loci |	6.26%
        Number of reads mapped to too many loci |	31153
             % of reads mapped to too many loci |	0.08%
                                  UNMAPPED READS:
  Number of reads unmapped: too many mismatches |	0
       % of reads unmapped: too many mismatches |	0.00%
            Number of reads unmapped: too short |	6260677
                 % of reads unmapped: too short |	15.13%
                Number of reads unmapped: other |	28632
                     % of reads unmapped: other |	0.07%
                                  CHIMERIC READS:
                       Number of chimeric reads |	0
                            % of chimeric reads |	0.00%
