                                 Started job on |	Jan 09 14:17:10
                             Started mapping on |	Jan 09 14:17:44
                                    Finished on |	Jan 09 14:30:10
       Mapping speed, Million of reads per hour |	127.96

                          Number of input reads |	26517177
                      Average input read length |	152
                                    UNIQUE READS:
                   Uniquely mapped reads number |	15762120
                        Uniquely mapped reads % |	59.44%
                          Average mapped length |	149.94
                       Number of splices: Total |	3347204
            Number of splices: Annotated (sjdb) |	0
                       Number of splices: GT/AG |	3307735
                       Number of splices: GC/AG |	19315
                       Number of splices: AT/AC |	1356
               Number of splices: Non-canonical |	18798
                      Mismatch rate per base, % |	0.90%
                         Deletion rate per base |	0.03%
                        Deletion average length |	2.16
                        Insertion rate per base |	0.02%
                       Insertion average length |	1.92
                             MULTI-MAPPING READS:
        Number of reads mapped to multiple loci |	1396631
             % of reads mapped to multiple loci |	5.27%
        Number of reads mapped to too many loci |	11847
             % of reads mapped to too many loci |	0.04%
                                  UNMAPPED READS:
  Number of reads unmapped: too many mismatches |	0
       % of reads unmapped: too many mismatches |	0.00%
            Number of reads unmapped: too short |	9334373
                 % of reads unmapped: too short |	35.20%
                Number of reads unmapped: other |	12206
                     % of reads unmapped: other |	0.05%
                                  CHIMERIC READS:
                       Number of chimeric reads |	0
                            % of chimeric reads |	0.00%
