========================JOB INFO=========================
Job ID: 1586384
Job name: sample10
Start date: Thu Feb 13 14:56:52 CST 2025
Current directory: /scratch/09961/jaturcin/bomv-nhps
=========================================================

[MSG] STEP 0: CHECKING INPUTS
[MSG] Host index: pipeline/indices/mfascicularis-v5.0/mfascicularis-v5.0
[MSG] Viral index: pipeline/indices/bomv-OK633884.1/bomv-OK633884.1
[MSG] Reference FASTA: pipeline/genomes/bomv-OK633884.1.fa
[MSG] Reference annotation: pipeline/annotations/bomv-OK633884.1.gtf
[MSG] First FASTQ file: data/fastq/sample10-r1.fq.gz
[MSG] Second FASTQ file: data/fastq/sample10-r2.fq.gz
[MSG] Valid output directory: data/genomics
[MSG] Working with sample: sample10
[MSG] Done checking inputs!

[MSG] STEP 1: DISCARD HOST READS
[MSG] CMD: bowtie2 --threads 8 --very-sensitive -x 'pipeline/indices/mfascicularis-v5.0/mfascicularis-v5.0' --un-conc-gz 'data/genomics/sample10/filtered-r%.fq.gz' -1 'data/fastq/sample10-r1.fq.gz' -2 'data/fastq/sample10-r2.fq.gz' > /dev/null
INFO:    gocryptfs not found, will not be able to use gocryptfs
48004594 reads; of these:
  48004594 (100.00%) were paired; of these:
    18186205 (37.88%) aligned concordantly 0 times
    18373918 (38.28%) aligned concordantly exactly 1 time
    11444471 (23.84%) aligned concordantly >1 times
    ----
    18186205 pairs aligned concordantly 0 times; of these:
      1590152 (8.74%) aligned discordantly 1 time
    ----
    16596053 pairs aligned 0 times concordantly or discordantly; of these:
      33192106 mates make up the pairs; of these:
        19788098 (59.62%) aligned 0 times
        5130335 (15.46%) aligned exactly 1 time
        8273673 (24.93%) aligned >1 times
79.39% overall alignment rate
[MSG] Host alignment succeeded

[MSG] STEP 2: METAGENOMIC CLASSIFICATION
[MSG] CMD: kraken2 --threads 8 --db 'pipeline/kraken2db' --output - --report 'data/genomics/sample10/metagenomics-raw.tsv' --use-names --gzip-compressed --paired 'data/genomics/sample10/filtered-r1.fq.gz' 'data/genomics/sample10/filtered-r2.fq.gz'
INFO:    gocryptfs not found, will not be able to use gocryptfs
Loading database information... done.
18186205 sequences (2764.30 Mbp) processed in 48.477s (22509.3 Kseq/m, 3421.41 Mbp/m).
  16103357 sequences classified (88.55%)
  2082848 sequences unclassified (11.45%)
[MSG] Metagenomic classification succeeded

[MSG] STEP 3: ALIGN TO VIRUS
[MSG] CMD: bowtie2 --threads 8 -x 'pipeline/indices/bomv-OK633884.1/bomv-OK633884.1' -1 'data/genomics/sample10/filtered-r1.fq.gz' -2 'data/genomics/sample10/filtered-r2.fq.gz' > 'data/genomics/sample10/alignment.sam'
INFO:    gocryptfs not found, will not be able to use gocryptfs
18186205 reads; of these:
  18186205 (100.00%) were paired; of these:
    18186202 (100.00%) aligned concordantly 0 times
    3 (0.00%) aligned concordantly exactly 1 time
    0 (0.00%) aligned concordantly >1 times
    ----
    18186202 pairs aligned concordantly 0 times; of these:
      0 (0.00%) aligned discordantly 1 time
    ----
    18186202 pairs aligned 0 times concordantly or discordantly; of these:
      36372404 mates make up the pairs; of these:
        36372404 (100.00%) aligned 0 times
        0 (0.00%) aligned exactly 1 time
        0 (0.00%) aligned >1 times
0.00% overall alignment rate
[MSG] Viral alignment succeeded

[MSG] STEP 4: PROCESS ALIGNMENT
[MSG] CMD: samtools view --threads 8 -b -h 'data/genomics/sample10/alignment.sam' > 'data/genomics/sample10/alignment-raw.bam'
INFO:    gocryptfs not found, will not be able to use gocryptfs
[MSG] Compression succeeded
[MSG] CMD: samtools fixmate --threads 8 -m 'data/genomics/sample10/alignment-raw.bam' 'data/genomics/sample10/alignment-fixmate.bam'
INFO:    gocryptfs not found, will not be able to use gocryptfs
[MSG] Filling in coordinates succeeded
[MSG] CMD: samtools sort --threads 8 'data/genomics/sample10/alignment-fixmate.bam' > 'data/genomics/sample10/alignment-sorted.bam'
INFO:    gocryptfs not found, will not be able to use gocryptfs
[bam_sort_core] merging from 1 files and 8 in-memory blocks...
[MSG] Sorting succeeded
[MSG] CMD: samtools markdup --threads 8 'data/genomics/sample10/alignment-sorted.bam' 'data/genomics/sample10/alignment-dupmark.bam'
INFO:    gocryptfs not found, will not be able to use gocryptfs
[MSG] Marking duplicates succeeded
[MSG] CMD: lofreq indelqual --dindel --ref 'pipeline/genomes/bomv-OK633884.1.fa' 'data/genomics/sample10/alignment-dupmark.bam' > 'data/genomics/sample10/alignment.bam'
INFO:    gocryptfs not found, will not be able to use gocryptfs
[MSG] Indelqual succeeded
[MSG] CMD: samtools index 'data/genomics/sample10/alignment.bam'
INFO:    gocryptfs not found, will not be able to use gocryptfs
[MSG] Indexing succeeded

[MSG] STEP 5: CALCULATE COVERAGE
[MSG] CMD: samtools depth --threads 8 --excl-flags DUP -a -H 'data/genomics/sample10/alignment.bam' > 'data/genomics/sample10/coverage.tsv'
INFO:    gocryptfs not found, will not be able to use gocryptfs
[MSG] Coverage succeeded

[MSG] STEP 6: ASSEMBLE CONSENSUS
[MSG] CMD: samtools consensus --threads 8 -a --excl-flags DUP --use-qual --min-depth 10 --call-fract 0.5 --mode simple  --output 'data/genomics/sample10/consensus.fa' 'data/genomics/sample10/alignment.bam'
INFO:    gocryptfs not found, will not be able to use gocryptfs
[MSG] Consensus succeeded

[MSG] STEP 7: QUANTIFY SNVs
[MSG] CMD: samtools view --threads 8 --bam --excl-flags DUP 'data/genomics/sample10/alignment.bam' > 'data/genomics/sample10/alignment-dedup.bam'
INFO:    gocryptfs not found, will not be able to use gocryptfs
[MSG] Read deduplication succeeded
[MSG] CMD: samtools index 'data/genomics/sample10/alignment-dedup.bam'
INFO:    gocryptfs not found, will not be able to use gocryptfs
[MSG] Indexing deduplicated BAM succeeded
[MSG] CMD: lofreq call-parallel --pp-threads 8 --call-indels --min-cov 10 --ref 'pipeline/genomes/bomv-OK633884.1.fa' 'data/genomics/sample10/alignment-dedup.bam' > 'data/genomics/sample10/snvs.vcf'
INFO:    gocryptfs not found, will not be able to use gocryptfs
INFO [2025-02-13 16:10:35,957]: Using 8 threads with following basic args: lofreq call --call-indels --min-cov 10 --ref pipeline/genomes/bomv-OK633884.1.fa data/genomics/sample10/alignment-dedup.bam

INFO [2025-02-13 16:10:35,966]: Adding 17 commands to mp-pool
Number of substitution tests performed: 0
Number of indel tests performed: 0
INFO [2025-02-13 16:10:36,096]: Executing lofreq filter -i /tmp/lofreq2_call_parallel0nlojw3p/concat.vcf.gz -o - --snvqual-thresh 20 --indelqual-thresh 20

[MSG] LoFreq succeeded
[MSG] CMD: Rscript pipeline/visualization.r --dir 'data/genomics/sample10' --annotation 'pipeline/annotations/bomv-OK633884.1.gtf' --threshold 10
INFO:    gocryptfs not found, will not be able to use gocryptfs
[MSG] Visualization succeeded
[MSG] CMD: Rscript pipeline/mutationannotation.r --dir 'data/genomics/sample10' --annotation 'pipeline/annotations/bomv-OK633884.1.gtf' --genome 'pipeline/genomes/bomv-OK633884.1.fa'
INFO:    gocryptfs not found, will not be able to use gocryptfs
Warning messages:
1: package 'S4Vectors' was built under R version 4.4.1 
2: multiple methods tables found for 'sort' 
3: package 'IRanges' was built under R version 4.4.1 
4: multiple methods tables found for 'sort' 
Warning message:
multiple methods tables found for 'sort' 
[1] "[MSG] SNV VCF is empty. Exiting..."
[MSG] SNV annotation succeeded

[MSG] Pipeline complete! Printing package versions...

Currently Loaded Modules:
  1) intel/24.0            7) bowtie2/ctr-2.3.4.3--py37he860b03_1
  2) impi/21.11            8) samtools/ctr-1.20--h50ea8bc_0
  3) autotools/1.4         9) kraken2/ctr-2.0.7_beta--pl526h2d50403_0
  4) cmake/3.28.1         10) lofreq/ctr-2.1.3.1--py36_0
  5) TACC                 11) tacc-apptainer/1.3.3
  6) biocontainers/0.1.0  12) Rstats/4.1.3

 

[MSG] JOB COMPLETE!

