========================JOB INFO=========================
Job ID: 1585625
Job name: sample23
Start date: Thu Feb 13 08:50:11 CST 2025
Current directory: /scratch/09961/jaturcin/bomv-nhps
=========================================================

[MSG] STEP 0: CHECKING INPUTS
[MSG] Host index: pipeline/indices/mfascicularis-v5.0/mfascicularis-v5.0
[MSG] Viral index: pipeline/indices/bomv-OK633884.1/bomv-OK633884.1
[MSG] Reference FASTA: pipeline/genomes/bomv-OK633884.1.fa
[MSG] Reference annotation: pipeline/annotations/bomv-OK633884.1.gtf
[MSG] First FASTQ file: data/fastq/sample23-r1.fq.gz
[MSG] Second FASTQ file: data/fastq/sample23-r2.fq.gz
[MSG] Valid output directory: data/genomics
[MSG] Working with sample: sample23
[MSG] Done checking inputs!

[MSG] STEP 1: DISCARD HOST READS
[MSG] CMD: bowtie2 --threads 8 --very-sensitive -x 'pipeline/indices/mfascicularis-v5.0/mfascicularis-v5.0' --un-conc-gz 'data/genomics/sample23/filtered-r%.fq.gz' -1 'data/fastq/sample23-r1.fq.gz' -2 'data/fastq/sample23-r2.fq.gz' > /dev/null
INFO:    gocryptfs not found, will not be able to use gocryptfs
41383041 reads; of these:
  41383041 (100.00%) were paired; of these:
    12936503 (31.26%) aligned concordantly 0 times
    21808898 (52.70%) aligned concordantly exactly 1 time
    6637640 (16.04%) aligned concordantly >1 times
    ----
    12936503 pairs aligned concordantly 0 times; of these:
      1845580 (14.27%) aligned discordantly 1 time
    ----
    11090923 pairs aligned 0 times concordantly or discordantly; of these:
      22181846 mates make up the pairs; of these:
        16450361 (74.16%) aligned 0 times
        4282020 (19.30%) aligned exactly 1 time
        1449465 (6.53%) aligned >1 times
80.12% overall alignment rate
[MSG] Host alignment succeeded

[MSG] STEP 2: METAGENOMIC CLASSIFICATION
[MSG] CMD: kraken2 --threads 8 --db 'pipeline/kraken2db' --output - --report 'data/genomics/sample23/metagenomics-raw.tsv' --use-names --gzip-compressed --paired 'data/genomics/sample23/filtered-r1.fq.gz' 'data/genomics/sample23/filtered-r2.fq.gz'
INFO:    gocryptfs not found, will not be able to use gocryptfs
Loading database information... done.
12936503 sequences (1966.35 Mbp) processed in 39.490s (19655.2 Kseq/m, 2987.59 Mbp/m).
  10754927 sequences classified (83.14%)
  2181576 sequences unclassified (16.86%)
[MSG] Metagenomic classification succeeded

[MSG] STEP 3: ALIGN TO VIRUS
[MSG] CMD: bowtie2 --threads 8 -x 'pipeline/indices/bomv-OK633884.1/bomv-OK633884.1' -1 'data/genomics/sample23/filtered-r1.fq.gz' -2 'data/genomics/sample23/filtered-r2.fq.gz' > 'data/genomics/sample23/alignment.sam'
INFO:    gocryptfs not found, will not be able to use gocryptfs
12936503 reads; of these:
  12936503 (100.00%) were paired; of these:
    12930597 (99.95%) aligned concordantly 0 times
    5906 (0.05%) aligned concordantly exactly 1 time
    0 (0.00%) aligned concordantly >1 times
    ----
    12930597 pairs aligned concordantly 0 times; of these:
      54 (0.00%) aligned discordantly 1 time
    ----
    12930543 pairs aligned 0 times concordantly or discordantly; of these:
      25861086 mates make up the pairs; of these:
        25860987 (100.00%) aligned 0 times
        99 (0.00%) aligned exactly 1 time
        0 (0.00%) aligned >1 times
0.05% overall alignment rate
[MSG] Viral alignment succeeded

[MSG] STEP 4: PROCESS ALIGNMENT
[MSG] CMD: samtools view --threads 8 -b -h 'data/genomics/sample23/alignment.sam' > 'data/genomics/sample23/alignment-raw.bam'
INFO:    gocryptfs not found, will not be able to use gocryptfs
[MSG] Compression succeeded
[MSG] CMD: samtools fixmate --threads 8 -m 'data/genomics/sample23/alignment-raw.bam' 'data/genomics/sample23/alignment-fixmate.bam'
INFO:    gocryptfs not found, will not be able to use gocryptfs
[MSG] Filling in coordinates succeeded
[MSG] CMD: samtools sort --threads 8 'data/genomics/sample23/alignment-fixmate.bam' > 'data/genomics/sample23/alignment-sorted.bam'
INFO:    gocryptfs not found, will not be able to use gocryptfs
[bam_sort_core] merging from 1 files and 8 in-memory blocks...
[MSG] Sorting succeeded
[MSG] CMD: samtools markdup --threads 8 'data/genomics/sample23/alignment-sorted.bam' 'data/genomics/sample23/alignment-dupmark.bam'
INFO:    gocryptfs not found, will not be able to use gocryptfs
[MSG] Marking duplicates succeeded
[MSG] CMD: lofreq indelqual --dindel --ref 'pipeline/genomes/bomv-OK633884.1.fa' 'data/genomics/sample23/alignment-dupmark.bam' > 'data/genomics/sample23/alignment.bam'
INFO:    gocryptfs not found, will not be able to use gocryptfs
[MSG] Indelqual succeeded
[MSG] CMD: samtools index 'data/genomics/sample23/alignment.bam'
INFO:    gocryptfs not found, will not be able to use gocryptfs
[MSG] Indexing succeeded

[MSG] STEP 5: CALCULATE COVERAGE
[MSG] CMD: samtools depth --threads 8 --excl-flags DUP -a -H 'data/genomics/sample23/alignment.bam' > 'data/genomics/sample23/coverage.tsv'
INFO:    gocryptfs not found, will not be able to use gocryptfs
[MSG] Coverage succeeded

[MSG] STEP 6: ASSEMBLE CONSENSUS
[MSG] CMD: samtools consensus --threads 8 -a --excl-flags DUP --use-qual --min-depth 10 --call-fract 0.5 --mode simple  --output 'data/genomics/sample23/consensus.fa' 'data/genomics/sample23/alignment.bam'
INFO:    gocryptfs not found, will not be able to use gocryptfs
[MSG] Consensus succeeded

[MSG] STEP 7: QUANTIFY SNVs
[MSG] CMD: samtools view --threads 8 --bam --excl-flags DUP 'data/genomics/sample23/alignment.bam' > 'data/genomics/sample23/alignment-dedup.bam'
INFO:    gocryptfs not found, will not be able to use gocryptfs
[MSG] Read deduplication succeeded
[MSG] CMD: samtools index 'data/genomics/sample23/alignment-dedup.bam'
INFO:    gocryptfs not found, will not be able to use gocryptfs
[MSG] Indexing deduplicated BAM succeeded
[MSG] CMD: lofreq call-parallel --pp-threads 8 --call-indels --min-cov 10 --ref 'pipeline/genomes/bomv-OK633884.1.fa' 'data/genomics/sample23/alignment-dedup.bam' > 'data/genomics/sample23/snvs.vcf'
INFO:    gocryptfs not found, will not be able to use gocryptfs
INFO [2025-02-13 10:01:44,608]: Using 8 threads with following basic args: lofreq call --call-indels --min-cov 10 --ref pipeline/genomes/bomv-OK633884.1.fa data/genomics/sample23/alignment-dedup.bam

INFO [2025-02-13 10:01:44,620]: Adding 17 commands to mp-pool
Number of substitution tests performed: 2526
Number of indel tests performed: 36
INFO [2025-02-13 10:01:44,849]: Executing lofreq filter -i /tmp/lofreq2_call_paralleldzprz6ru/concat.vcf.gz -o - --snvqual-thresh 54 --indelqual-thresh 36

[MSG] LoFreq succeeded
[MSG] CMD: Rscript pipeline/visualization.r --dir 'data/genomics/sample23' --annotation 'pipeline/annotations/bomv-OK633884.1.gtf' --threshold 10
INFO:    gocryptfs not found, will not be able to use gocryptfs
[MSG] Visualization succeeded
[MSG] CMD: Rscript pipeline/mutationannotation.r --dir 'data/genomics/sample23' --annotation 'pipeline/annotations/bomv-OK633884.1.gtf' --genome 'pipeline/genomes/bomv-OK633884.1.fa'
INFO:    gocryptfs not found, will not be able to use gocryptfs
Warning messages:
1: package 'S4Vectors' was built under R version 4.4.1 
2: multiple methods tables found for 'sort' 
3: package 'IRanges' was built under R version 4.4.1 
4: multiple methods tables found for 'sort' 
Warning message:
multiple methods tables found for 'sort' 
Warning messages:
1: replacing previous import 'S4Arrays::read_block' by 'DelayedArray::read_block' when loading 'SummarizedExperiment' 
2: multiple methods tables found for 'sort' 
3: multiple methods tables found for 'sort' 
[MSG] SNV annotation succeeded

[MSG] Pipeline complete! Printing package versions...

Currently Loaded Modules:
  1) intel/24.0            7) bowtie2/ctr-2.3.4.3--py37he860b03_1
  2) impi/21.11            8) samtools/ctr-1.20--h50ea8bc_0
  3) autotools/1.4         9) kraken2/ctr-2.0.7_beta--pl526h2d50403_0
  4) cmake/3.28.1         10) lofreq/ctr-2.1.3.1--py36_0
  5) TACC                 11) tacc-apptainer/1.3.3
  6) biocontainers/0.1.0  12) Rstats/4.1.3

 

[MSG] JOB COMPLETE!

