========================JOB INFO=========================
Job ID: 1428312
Job name: sample15
Start date: Fri Jan 10 17:27:06 CST 2025
Current directory: /scratch/09961/jaturcin/bomv-nhps
=========================================================

[MSG] STEP 0: CHECKING INPUTS
[MSG] Host index: pipeline/indices/mfascicularis-v5.0/mfascicularis-v5.0
[MSG] Viral index: pipeline/indices/bomv-OK633884.1/bomv-OK633884.1
[MSG] Reference FASTA: pipeline/genomes/bomv-OK633884.1.fa
[MSG] Reference annotation: pipeline/annotations/bomv-OK633884.1.gtf
[MSG] First FASTQ file: data/fastq/sample15-r1.fq.gz
[MSG] Second FASTQ file: data/fastq/sample15-r2.fq.gz
[MSG] Valid output directory: data/genomics
[MSG] Working with sample: sample15
[MSG] Done checking inputs!

[MSG] STEP 1: DISCARD HOST READS
[MSG] CMD: bowtie2 --threads 8 --very-sensitive -x 'pipeline/indices/mfascicularis-v5.0/mfascicularis-v5.0' --un-conc-gz 'data/genomics/sample15/filtered-r%.fq.gz' -1 'data/fastq/sample15-r1.fq.gz' -2 'data/fastq/sample15-r2.fq.gz' > /dev/null
INFO:    gocryptfs not found, will not be able to use gocryptfs
44035196 reads; of these:
  44035196 (100.00%) were paired; of these:
    12181522 (27.66%) aligned concordantly 0 times
    23810339 (54.07%) aligned concordantly exactly 1 time
    8043335 (18.27%) aligned concordantly >1 times
    ----
    12181522 pairs aligned concordantly 0 times; of these:
      2305733 (18.93%) aligned discordantly 1 time
    ----
    9875789 pairs aligned 0 times concordantly or discordantly; of these:
      19751578 mates make up the pairs; of these:
        11722139 (59.35%) aligned 0 times
        5850681 (29.62%) aligned exactly 1 time
        2178758 (11.03%) aligned >1 times
86.69% overall alignment rate
[MSG] Host alignment succeeded

[MSG] STEP 2: METAGENOMIC CLASSIFICATION
[MSG] CMD: kraken2 --threads 8 --db 'pipeline/kraken2db' --output - --report 'data/genomics/sample15/metagenomics-raw.tsv' --use-names --gzip-compressed --paired 'data/genomics/sample15/filtered-r1.fq.gz' 'data/genomics/sample15/filtered-r2.fq.gz'
INFO:    gocryptfs not found, will not be able to use gocryptfs
Loading database information... done.
12181522 sequences (1827.23 Mbp) processed in 42.288s (17283.6 Kseq/m, 2592.54 Mbp/m).
  8510069 sequences classified (69.86%)
  3671453 sequences unclassified (30.14%)
[MSG] Metagenomic classification succeeded

[MSG] STEP 3: ALIGN TO VIRUS
[MSG] CMD: bowtie2 --threads 8 -x 'pipeline/indices/bomv-OK633884.1/bomv-OK633884.1' -1 'data/genomics/sample15/filtered-r1.fq.gz' -2 'data/genomics/sample15/filtered-r2.fq.gz' > 'data/genomics/sample15/alignment.sam'
INFO:    gocryptfs not found, will not be able to use gocryptfs
12181522 reads; of these:
  12181522 (100.00%) were paired; of these:
    12180882 (99.99%) aligned concordantly 0 times
    640 (0.01%) aligned concordantly exactly 1 time
    0 (0.00%) aligned concordantly >1 times
    ----
    12180882 pairs aligned concordantly 0 times; of these:
      10 (0.00%) aligned discordantly 1 time
    ----
    12180872 pairs aligned 0 times concordantly or discordantly; of these:
      24361744 mates make up the pairs; of these:
        24361709 (100.00%) aligned 0 times
        35 (0.00%) aligned exactly 1 time
        0 (0.00%) aligned >1 times
0.01% overall alignment rate
[MSG] Viral alignment succeeded

[MSG] STEP 4: PROCESS ALIGNMENT
[MSG] CMD: samtools view --threads 8 -b -h 'data/genomics/sample15/alignment.sam' > 'data/genomics/sample15/alignment-raw.bam'
INFO:    gocryptfs not found, will not be able to use gocryptfs
[MSG] Compression succeeded
[MSG] CMD: samtools fixmate --threads 8 -m 'data/genomics/sample15/alignment-raw.bam' 'data/genomics/sample15/alignment-fixmate.bam'
INFO:    gocryptfs not found, will not be able to use gocryptfs
[MSG] Filling in coordinates succeeded
[MSG] CMD: samtools sort --threads 8 'data/genomics/sample15/alignment-fixmate.bam' > 'data/genomics/sample15/alignment-sorted.bam'
INFO:    gocryptfs not found, will not be able to use gocryptfs
[bam_sort_core] merging from 0 files and 8 in-memory blocks...
[MSG] Sorting succeeded
[MSG] CMD: samtools markdup --threads 8 'data/genomics/sample15/alignment-sorted.bam' 'data/genomics/sample15/alignment-dupmark.bam'
INFO:    gocryptfs not found, will not be able to use gocryptfs
[MSG] Marking duplicates succeeded
[MSG] CMD: lofreq indelqual --dindel --ref 'pipeline/genomes/bomv-OK633884.1.fa' 'data/genomics/sample15/alignment-dupmark.bam' > 'data/genomics/sample15/alignment.bam'
INFO:    gocryptfs not found, will not be able to use gocryptfs
[MSG] Indelqual succeeded
[MSG] CMD: samtools index 'data/genomics/sample15/alignment.bam'
INFO:    gocryptfs not found, will not be able to use gocryptfs
[MSG] Indexing succeeded

[MSG] STEP 5: CALCULATE COVERAGE
[MSG] CMD: samtools depth --threads 8 --excl-flags DUP -a -H 'data/genomics/sample15/alignment.bam' > 'data/genomics/sample15/coverage.tsv'
INFO:    gocryptfs not found, will not be able to use gocryptfs
[MSG] Coverage succeeded

[MSG] STEP 6: ASSEMBLE CONSENSUS
[MSG] CMD: samtools consensus --threads 8 -a --excl-flags DUP --use-qual --min-depth 100 --call-fract 0.5 --mode simple  --output 'data/genomics/sample15/consensus.fa' 'data/genomics/sample15/alignment.bam'
INFO:    gocryptfs not found, will not be able to use gocryptfs
[MSG] Consensus succeeded

[MSG] STEP 7: QUANTIFY SNVs
[MSG] CMD: samtools view --threads 8 --bam --excl-flags DUP 'data/genomics/sample15/alignment.bam' > 'data/genomics/sample15/alignment-dedup.bam'
INFO:    gocryptfs not found, will not be able to use gocryptfs
[MSG] Read deduplication succeeded
[MSG] CMD: samtools index 'data/genomics/sample15/alignment-dedup.bam'
INFO:    gocryptfs not found, will not be able to use gocryptfs
[MSG] Indexing deduplicated BAM succeeded
[MSG] No reads mapped to the viral genome; exiting...

Currently Loaded Modules:
  1) intel/24.0            7) bowtie2/ctr-2.3.4.3--py37he860b03_1
  2) impi/21.11            8) samtools/ctr-1.20--h50ea8bc_0
  3) autotools/1.4         9) kraken2/ctr-2.0.7_beta--pl526h2d50403_0
  4) cmake/3.28.1         10) lofreq/ctr-2.1.3.1--py36_0
  5) TACC                 11) tacc-apptainer/1.3.3
  6) biocontainers/0.1.0  12) Rstats/4.1.3

 

[MSG] JOB COMPELTE!

