========================JOB INFO=========================
Job ID: 1585614
Job name: sample12
Start date: Thu Feb 13 08:50:05 CST 2025
Current directory: /scratch/09961/jaturcin/bomv-nhps
=========================================================

[MSG] STEP 0: CHECKING INPUTS
[MSG] Host index: pipeline/indices/mfascicularis-v5.0/mfascicularis-v5.0
[MSG] Viral index: pipeline/indices/bomv-OK633884.1/bomv-OK633884.1
[MSG] Reference FASTA: pipeline/genomes/bomv-OK633884.1.fa
[MSG] Reference annotation: pipeline/annotations/bomv-OK633884.1.gtf
[MSG] First FASTQ file: data/fastq/sample12-r1.fq.gz
[MSG] Second FASTQ file: data/fastq/sample12-r2.fq.gz
[MSG] Valid output directory: data/genomics
[MSG] Working with sample: sample12
[MSG] Done checking inputs!

[MSG] STEP 1: DISCARD HOST READS
[MSG] CMD: bowtie2 --threads 8 --very-sensitive -x 'pipeline/indices/mfascicularis-v5.0/mfascicularis-v5.0' --un-conc-gz 'data/genomics/sample12/filtered-r%.fq.gz' -1 'data/fastq/sample12-r1.fq.gz' -2 'data/fastq/sample12-r2.fq.gz' > /dev/null
INFO:    gocryptfs not found, will not be able to use gocryptfs
44570972 reads; of these:
  44570972 (100.00%) were paired; of these:
    23521202 (52.77%) aligned concordantly 0 times
    14644232 (32.86%) aligned concordantly exactly 1 time
    6405538 (14.37%) aligned concordantly >1 times
    ----
    23521202 pairs aligned concordantly 0 times; of these:
      1843937 (7.84%) aligned discordantly 1 time
    ----
    21677265 pairs aligned 0 times concordantly or discordantly; of these:
      43354530 mates make up the pairs; of these:
        35539110 (81.97%) aligned 0 times
        4742634 (10.94%) aligned exactly 1 time
        3072786 (7.09%) aligned >1 times
60.13% overall alignment rate
[MSG] Host alignment succeeded

[MSG] STEP 2: METAGENOMIC CLASSIFICATION
[MSG] CMD: kraken2 --threads 8 --db 'pipeline/kraken2db' --output - --report 'data/genomics/sample12/metagenomics-raw.tsv' --use-names --gzip-compressed --paired 'data/genomics/sample12/filtered-r1.fq.gz' 'data/genomics/sample12/filtered-r2.fq.gz'
INFO:    gocryptfs not found, will not be able to use gocryptfs
Loading database information... done.
23521202 sequences (3575.22 Mbp) processed in 65.879s (21422.3 Kseq/m, 3256.19 Mbp/m).
  20796034 sequences classified (88.41%)
  2725168 sequences unclassified (11.59%)
[MSG] Metagenomic classification succeeded

[MSG] STEP 3: ALIGN TO VIRUS
[MSG] CMD: bowtie2 --threads 8 -x 'pipeline/indices/bomv-OK633884.1/bomv-OK633884.1' -1 'data/genomics/sample12/filtered-r1.fq.gz' -2 'data/genomics/sample12/filtered-r2.fq.gz' > 'data/genomics/sample12/alignment.sam'
INFO:    gocryptfs not found, will not be able to use gocryptfs
23521202 reads; of these:
  23521202 (100.00%) were paired; of these:
    23521202 (100.00%) aligned concordantly 0 times
    0 (0.00%) aligned concordantly exactly 1 time
    0 (0.00%) aligned concordantly >1 times
    ----
    23521202 pairs aligned concordantly 0 times; of these:
      0 (0.00%) aligned discordantly 1 time
    ----
    23521202 pairs aligned 0 times concordantly or discordantly; of these:
      47042404 mates make up the pairs; of these:
        47042404 (100.00%) aligned 0 times
        0 (0.00%) aligned exactly 1 time
        0 (0.00%) aligned >1 times
0.00% overall alignment rate
[MSG] Viral alignment succeeded

[MSG] STEP 4: PROCESS ALIGNMENT
[MSG] CMD: samtools view --threads 8 -b -h 'data/genomics/sample12/alignment.sam' > 'data/genomics/sample12/alignment-raw.bam'
INFO:    gocryptfs not found, will not be able to use gocryptfs
[MSG] Compression succeeded
[MSG] CMD: samtools fixmate --threads 8 -m 'data/genomics/sample12/alignment-raw.bam' 'data/genomics/sample12/alignment-fixmate.bam'
INFO:    gocryptfs not found, will not be able to use gocryptfs
[MSG] Filling in coordinates succeeded
[MSG] CMD: samtools sort --threads 8 'data/genomics/sample12/alignment-fixmate.bam' > 'data/genomics/sample12/alignment-sorted.bam'
INFO:    gocryptfs not found, will not be able to use gocryptfs
[bam_sort_core] merging from 1 files and 8 in-memory blocks...
[MSG] Sorting succeeded
[MSG] CMD: samtools markdup --threads 8 'data/genomics/sample12/alignment-sorted.bam' 'data/genomics/sample12/alignment-dupmark.bam'
INFO:    gocryptfs not found, will not be able to use gocryptfs
[MSG] Marking duplicates succeeded
[MSG] CMD: lofreq indelqual --dindel --ref 'pipeline/genomes/bomv-OK633884.1.fa' 'data/genomics/sample12/alignment-dupmark.bam' > 'data/genomics/sample12/alignment.bam'
INFO:    gocryptfs not found, will not be able to use gocryptfs
[MSG] Indelqual succeeded
[MSG] CMD: samtools index 'data/genomics/sample12/alignment.bam'
INFO:    gocryptfs not found, will not be able to use gocryptfs
[MSG] Indexing succeeded

[MSG] STEP 5: CALCULATE COVERAGE
[MSG] CMD: samtools depth --threads 8 --excl-flags DUP -a -H 'data/genomics/sample12/alignment.bam' > 'data/genomics/sample12/coverage.tsv'
INFO:    gocryptfs not found, will not be able to use gocryptfs
[MSG] Coverage succeeded

[MSG] STEP 6: ASSEMBLE CONSENSUS
[MSG] CMD: samtools consensus --threads 8 -a --excl-flags DUP --use-qual --min-depth 10 --call-fract 0.5 --mode simple  --output 'data/genomics/sample12/consensus.fa' 'data/genomics/sample12/alignment.bam'
INFO:    gocryptfs not found, will not be able to use gocryptfs
[MSG] Consensus succeeded

[MSG] STEP 7: QUANTIFY SNVs
[MSG] CMD: samtools view --threads 8 --bam --excl-flags DUP 'data/genomics/sample12/alignment.bam' > 'data/genomics/sample12/alignment-dedup.bam'
INFO:    gocryptfs not found, will not be able to use gocryptfs
[MSG] Read deduplication succeeded
[MSG] CMD: samtools index 'data/genomics/sample12/alignment-dedup.bam'
INFO:    gocryptfs not found, will not be able to use gocryptfs
[MSG] Indexing deduplicated BAM succeeded
[MSG] No reads mapped to the viral genome; exiting...

Currently Loaded Modules:
  1) intel/24.0            7) bowtie2/ctr-2.3.4.3--py37he860b03_1
  2) impi/21.11            8) samtools/ctr-1.20--h50ea8bc_0
  3) autotools/1.4         9) kraken2/ctr-2.0.7_beta--pl526h2d50403_0
  4) cmake/3.28.1         10) lofreq/ctr-2.1.3.1--py36_0
  5) TACC                 11) tacc-apptainer/1.3.3
  6) biocontainers/0.1.0  12) Rstats/4.1.3

 

[MSG] JOB COMPLETE!

