========================JOB INFO=========================
Job ID: 1586394
Job name: sample24
Start date: Thu Feb 13 15:35:05 CST 2025
Current directory: /scratch/09961/jaturcin/bomv-nhps
=========================================================

[MSG] STEP 0: CHECKING INPUTS
[MSG] Host index: pipeline/indices/mfascicularis-v5.0/mfascicularis-v5.0
[MSG] Viral index: pipeline/indices/bomv-OK633884.1/bomv-OK633884.1
[MSG] Reference FASTA: pipeline/genomes/bomv-OK633884.1.fa
[MSG] Reference annotation: pipeline/annotations/bomv-OK633884.1.gtf
[MSG] First FASTQ file: data/fastq/sample24-r1.fq.gz
[MSG] Second FASTQ file: data/fastq/sample24-r2.fq.gz
[MSG] Valid output directory: data/genomics
[MSG] Working with sample: sample24
[MSG] Done checking inputs!

[MSG] STEP 1: DISCARD HOST READS
[MSG] CMD: bowtie2 --threads 8 --very-sensitive -x 'pipeline/indices/mfascicularis-v5.0/mfascicularis-v5.0' --un-conc-gz 'data/genomics/sample24/filtered-r%.fq.gz' -1 'data/fastq/sample24-r1.fq.gz' -2 'data/fastq/sample24-r2.fq.gz' > /dev/null
INFO:    gocryptfs not found, will not be able to use gocryptfs
48809761 reads; of these:
  48809761 (100.00%) were paired; of these:
    24014833 (49.20%) aligned concordantly 0 times
    16907953 (34.64%) aligned concordantly exactly 1 time
    7886975 (16.16%) aligned concordantly >1 times
    ----
    24014833 pairs aligned concordantly 0 times; of these:
      2236703 (9.31%) aligned discordantly 1 time
    ----
    21778130 pairs aligned 0 times concordantly or discordantly; of these:
      43556260 mates make up the pairs; of these:
        34794988 (79.89%) aligned 0 times
        5893208 (13.53%) aligned exactly 1 time
        2868064 (6.58%) aligned >1 times
64.36% overall alignment rate
[MSG] Host alignment succeeded

[MSG] STEP 2: METAGENOMIC CLASSIFICATION
[MSG] CMD: kraken2 --threads 8 --db 'pipeline/kraken2db' --output - --report 'data/genomics/sample24/metagenomics-raw.tsv' --use-names --gzip-compressed --paired 'data/genomics/sample24/filtered-r1.fq.gz' 'data/genomics/sample24/filtered-r2.fq.gz'
INFO:    gocryptfs not found, will not be able to use gocryptfs
Loading database information... done.
24014833 sequences (3650.25 Mbp) processed in 69.108s (20849.7 Kseq/m, 3169.16 Mbp/m).
  20573350 sequences classified (85.67%)
  3441483 sequences unclassified (14.33%)
[MSG] Metagenomic classification succeeded

[MSG] STEP 3: ALIGN TO VIRUS
[MSG] CMD: bowtie2 --threads 8 -x 'pipeline/indices/bomv-OK633884.1/bomv-OK633884.1' -1 'data/genomics/sample24/filtered-r1.fq.gz' -2 'data/genomics/sample24/filtered-r2.fq.gz' > 'data/genomics/sample24/alignment.sam'
INFO:    gocryptfs not found, will not be able to use gocryptfs
24014833 reads; of these:
  24014833 (100.00%) were paired; of these:
    24014830 (100.00%) aligned concordantly 0 times
    3 (0.00%) aligned concordantly exactly 1 time
    0 (0.00%) aligned concordantly >1 times
    ----
    24014830 pairs aligned concordantly 0 times; of these:
      0 (0.00%) aligned discordantly 1 time
    ----
    24014830 pairs aligned 0 times concordantly or discordantly; of these:
      48029660 mates make up the pairs; of these:
        48029660 (100.00%) aligned 0 times
        0 (0.00%) aligned exactly 1 time
        0 (0.00%) aligned >1 times
0.00% overall alignment rate
[MSG] Viral alignment succeeded

[MSG] STEP 4: PROCESS ALIGNMENT
[MSG] CMD: samtools view --threads 8 -b -h 'data/genomics/sample24/alignment.sam' > 'data/genomics/sample24/alignment-raw.bam'
INFO:    gocryptfs not found, will not be able to use gocryptfs
[MSG] Compression succeeded
[MSG] CMD: samtools fixmate --threads 8 -m 'data/genomics/sample24/alignment-raw.bam' 'data/genomics/sample24/alignment-fixmate.bam'
INFO:    gocryptfs not found, will not be able to use gocryptfs
[MSG] Filling in coordinates succeeded
[MSG] CMD: samtools sort --threads 8 'data/genomics/sample24/alignment-fixmate.bam' > 'data/genomics/sample24/alignment-sorted.bam'
INFO:    gocryptfs not found, will not be able to use gocryptfs
[bam_sort_core] merging from 1 files and 8 in-memory blocks...
[MSG] Sorting succeeded
[MSG] CMD: samtools markdup --threads 8 'data/genomics/sample24/alignment-sorted.bam' 'data/genomics/sample24/alignment-dupmark.bam'
INFO:    gocryptfs not found, will not be able to use gocryptfs
[MSG] Marking duplicates succeeded
[MSG] CMD: lofreq indelqual --dindel --ref 'pipeline/genomes/bomv-OK633884.1.fa' 'data/genomics/sample24/alignment-dupmark.bam' > 'data/genomics/sample24/alignment.bam'
INFO:    gocryptfs not found, will not be able to use gocryptfs
[MSG] Indelqual succeeded
[MSG] CMD: samtools index 'data/genomics/sample24/alignment.bam'
INFO:    gocryptfs not found, will not be able to use gocryptfs
[MSG] Indexing succeeded

[MSG] STEP 5: CALCULATE COVERAGE
[MSG] CMD: samtools depth --threads 8 --excl-flags DUP -a -H 'data/genomics/sample24/alignment.bam' > 'data/genomics/sample24/coverage.tsv'
INFO:    gocryptfs not found, will not be able to use gocryptfs
[MSG] Coverage succeeded

[MSG] STEP 6: ASSEMBLE CONSENSUS
[MSG] CMD: samtools consensus --threads 8 -a --excl-flags DUP --use-qual --min-depth 10 --call-fract 0.5 --mode simple  --output 'data/genomics/sample24/consensus.fa' 'data/genomics/sample24/alignment.bam'
INFO:    gocryptfs not found, will not be able to use gocryptfs
[MSG] Consensus succeeded

[MSG] STEP 7: QUANTIFY SNVs
[MSG] CMD: samtools view --threads 8 --bam --excl-flags DUP 'data/genomics/sample24/alignment.bam' > 'data/genomics/sample24/alignment-dedup.bam'
INFO:    gocryptfs not found, will not be able to use gocryptfs
[MSG] Read deduplication succeeded
[MSG] CMD: samtools index 'data/genomics/sample24/alignment-dedup.bam'
INFO:    gocryptfs not found, will not be able to use gocryptfs
[MSG] Indexing deduplicated BAM succeeded
[MSG] CMD: lofreq call-parallel --pp-threads 8 --call-indels --min-cov 10 --ref 'pipeline/genomes/bomv-OK633884.1.fa' 'data/genomics/sample24/alignment-dedup.bam' > 'data/genomics/sample24/snvs.vcf'
INFO:    gocryptfs not found, will not be able to use gocryptfs
INFO [2025-02-13 16:48:52,233]: Using 8 threads with following basic args: lofreq call --call-indels --min-cov 10 --ref pipeline/genomes/bomv-OK633884.1.fa data/genomics/sample24/alignment-dedup.bam

INFO [2025-02-13 16:48:52,241]: Adding 17 commands to mp-pool
Number of substitution tests performed: 0
Number of indel tests performed: 0
INFO [2025-02-13 16:48:52,374]: Executing lofreq filter -i /tmp/lofreq2_call_parallel68i3g3wg/concat.vcf.gz -o - --snvqual-thresh 20 --indelqual-thresh 20

[MSG] LoFreq succeeded
[MSG] CMD: Rscript pipeline/visualization.r --dir 'data/genomics/sample24' --annotation 'pipeline/annotations/bomv-OK633884.1.gtf' --threshold 10
INFO:    gocryptfs not found, will not be able to use gocryptfs
[MSG] Visualization succeeded
[MSG] CMD: Rscript pipeline/mutationannotation.r --dir 'data/genomics/sample24' --annotation 'pipeline/annotations/bomv-OK633884.1.gtf' --genome 'pipeline/genomes/bomv-OK633884.1.fa'
INFO:    gocryptfs not found, will not be able to use gocryptfs
Warning messages:
1: package 'S4Vectors' was built under R version 4.4.1 
2: multiple methods tables found for 'sort' 
3: package 'IRanges' was built under R version 4.4.1 
4: multiple methods tables found for 'sort' 
Warning message:
multiple methods tables found for 'sort' 
[1] "[MSG] SNV VCF is empty. Exiting..."
[MSG] SNV annotation succeeded

[MSG] Pipeline complete! Printing package versions...

Currently Loaded Modules:
  1) intel/24.0            7) bowtie2/ctr-2.3.4.3--py37he860b03_1
  2) impi/21.11            8) samtools/ctr-1.20--h50ea8bc_0
  3) autotools/1.4         9) kraken2/ctr-2.0.7_beta--pl526h2d50403_0
  4) cmake/3.28.1         10) lofreq/ctr-2.1.3.1--py36_0
  5) TACC                 11) tacc-apptainer/1.3.3
  6) biocontainers/0.1.0  12) Rstats/4.1.3

 

[MSG] JOB COMPLETE!

