========================JOB INFO=========================
Job ID: 1586383
Job name: sample09
Start date: Thu Feb 13 13:29:26 CST 2025
Current directory: /scratch/09961/jaturcin/bomv-nhps
=========================================================

[MSG] STEP 0: CHECKING INPUTS
[MSG] Host index: pipeline/indices/mfascicularis-v5.0/mfascicularis-v5.0
[MSG] Viral index: pipeline/indices/bomv-OK633884.1/bomv-OK633884.1
[MSG] Reference FASTA: pipeline/genomes/bomv-OK633884.1.fa
[MSG] Reference annotation: pipeline/annotations/bomv-OK633884.1.gtf
[MSG] First FASTQ file: data/fastq/sample09-r1.fq.gz
[MSG] Second FASTQ file: data/fastq/sample09-r2.fq.gz
[MSG] Valid output directory: data/genomics
[MSG] Working with sample: sample09
[MSG] Done checking inputs!

[MSG] STEP 1: DISCARD HOST READS
[MSG] CMD: bowtie2 --threads 8 --very-sensitive -x 'pipeline/indices/mfascicularis-v5.0/mfascicularis-v5.0' --un-conc-gz 'data/genomics/sample09/filtered-r%.fq.gz' -1 'data/fastq/sample09-r1.fq.gz' -2 'data/fastq/sample09-r2.fq.gz' > /dev/null
INFO:    gocryptfs not found, will not be able to use gocryptfs
38269204 reads; of these:
  38269204 (100.00%) were paired; of these:
    17699986 (46.25%) aligned concordantly 0 times
    15540775 (40.61%) aligned concordantly exactly 1 time
    5028443 (13.14%) aligned concordantly >1 times
    ----
    17699986 pairs aligned concordantly 0 times; of these:
      1779414 (10.05%) aligned discordantly 1 time
    ----
    15920572 pairs aligned 0 times concordantly or discordantly; of these:
      31841144 mates make up the pairs; of these:
        25516469 (80.14%) aligned 0 times
        4196842 (13.18%) aligned exactly 1 time
        2127833 (6.68%) aligned >1 times
66.66% overall alignment rate
[MSG] Host alignment succeeded

[MSG] STEP 2: METAGENOMIC CLASSIFICATION
[MSG] CMD: kraken2 --threads 8 --db 'pipeline/kraken2db' --output - --report 'data/genomics/sample09/metagenomics-raw.tsv' --use-names --gzip-compressed --paired 'data/genomics/sample09/filtered-r1.fq.gz' 'data/genomics/sample09/filtered-r2.fq.gz'
INFO:    gocryptfs not found, will not be able to use gocryptfs
Loading database information... done.
17699986 sequences (2690.40 Mbp) processed in 50.503s (21028.5 Kseq/m, 3196.34 Mbp/m).
  15342611 sequences classified (86.68%)
  2357375 sequences unclassified (13.32%)
[MSG] Metagenomic classification succeeded

[MSG] STEP 3: ALIGN TO VIRUS
[MSG] CMD: bowtie2 --threads 8 -x 'pipeline/indices/bomv-OK633884.1/bomv-OK633884.1' -1 'data/genomics/sample09/filtered-r1.fq.gz' -2 'data/genomics/sample09/filtered-r2.fq.gz' > 'data/genomics/sample09/alignment.sam'
INFO:    gocryptfs not found, will not be able to use gocryptfs
17699986 reads; of these:
  17699986 (100.00%) were paired; of these:
    17699985 (100.00%) aligned concordantly 0 times
    1 (0.00%) aligned concordantly exactly 1 time
    0 (0.00%) aligned concordantly >1 times
    ----
    17699985 pairs aligned concordantly 0 times; of these:
      1 (0.00%) aligned discordantly 1 time
    ----
    17699984 pairs aligned 0 times concordantly or discordantly; of these:
      35399968 mates make up the pairs; of these:
        35399968 (100.00%) aligned 0 times
        0 (0.00%) aligned exactly 1 time
        0 (0.00%) aligned >1 times
0.00% overall alignment rate
[MSG] Viral alignment succeeded

[MSG] STEP 4: PROCESS ALIGNMENT
[MSG] CMD: samtools view --threads 8 -b -h 'data/genomics/sample09/alignment.sam' > 'data/genomics/sample09/alignment-raw.bam'
INFO:    gocryptfs not found, will not be able to use gocryptfs
[MSG] Compression succeeded
[MSG] CMD: samtools fixmate --threads 8 -m 'data/genomics/sample09/alignment-raw.bam' 'data/genomics/sample09/alignment-fixmate.bam'
INFO:    gocryptfs not found, will not be able to use gocryptfs
[MSG] Filling in coordinates succeeded
[MSG] CMD: samtools sort --threads 8 'data/genomics/sample09/alignment-fixmate.bam' > 'data/genomics/sample09/alignment-sorted.bam'
INFO:    gocryptfs not found, will not be able to use gocryptfs
[bam_sort_core] merging from 1 files and 8 in-memory blocks...
[MSG] Sorting succeeded
[MSG] CMD: samtools markdup --threads 8 'data/genomics/sample09/alignment-sorted.bam' 'data/genomics/sample09/alignment-dupmark.bam'
INFO:    gocryptfs not found, will not be able to use gocryptfs
[MSG] Marking duplicates succeeded
[MSG] CMD: lofreq indelqual --dindel --ref 'pipeline/genomes/bomv-OK633884.1.fa' 'data/genomics/sample09/alignment-dupmark.bam' > 'data/genomics/sample09/alignment.bam'
INFO:    gocryptfs not found, will not be able to use gocryptfs
[MSG] Indelqual succeeded
[MSG] CMD: samtools index 'data/genomics/sample09/alignment.bam'
INFO:    gocryptfs not found, will not be able to use gocryptfs
[MSG] Indexing succeeded

[MSG] STEP 5: CALCULATE COVERAGE
[MSG] CMD: samtools depth --threads 8 --excl-flags DUP -a -H 'data/genomics/sample09/alignment.bam' > 'data/genomics/sample09/coverage.tsv'
INFO:    gocryptfs not found, will not be able to use gocryptfs
[MSG] Coverage succeeded

[MSG] STEP 6: ASSEMBLE CONSENSUS
[MSG] CMD: samtools consensus --threads 8 -a --excl-flags DUP --use-qual --min-depth 10 --call-fract 0.5 --mode simple  --output 'data/genomics/sample09/consensus.fa' 'data/genomics/sample09/alignment.bam'
INFO:    gocryptfs not found, will not be able to use gocryptfs
[MSG] Consensus succeeded

[MSG] STEP 7: QUANTIFY SNVs
[MSG] CMD: samtools view --threads 8 --bam --excl-flags DUP 'data/genomics/sample09/alignment.bam' > 'data/genomics/sample09/alignment-dedup.bam'
INFO:    gocryptfs not found, will not be able to use gocryptfs
[MSG] Read deduplication succeeded
[MSG] CMD: samtools index 'data/genomics/sample09/alignment-dedup.bam'
INFO:    gocryptfs not found, will not be able to use gocryptfs
[MSG] Indexing deduplicated BAM succeeded
[MSG] CMD: lofreq call-parallel --pp-threads 8 --call-indels --min-cov 10 --ref 'pipeline/genomes/bomv-OK633884.1.fa' 'data/genomics/sample09/alignment-dedup.bam' > 'data/genomics/sample09/snvs.vcf'
INFO:    gocryptfs not found, will not be able to use gocryptfs
INFO [2025-02-13 14:27:09,586]: Using 8 threads with following basic args: lofreq call --call-indels --min-cov 10 --ref pipeline/genomes/bomv-OK633884.1.fa data/genomics/sample09/alignment-dedup.bam

INFO [2025-02-13 14:27:09,595]: Adding 17 commands to mp-pool
Number of substitution tests performed: 0
Number of indel tests performed: 0
INFO [2025-02-13 14:27:09,726]: Executing lofreq filter -i /tmp/lofreq2_call_parallel7us7wuo8/concat.vcf.gz -o - --snvqual-thresh 20 --indelqual-thresh 20

[MSG] LoFreq succeeded
[MSG] CMD: Rscript pipeline/visualization.r --dir 'data/genomics/sample09' --annotation 'pipeline/annotations/bomv-OK633884.1.gtf' --threshold 10
INFO:    gocryptfs not found, will not be able to use gocryptfs
[MSG] Visualization succeeded
[MSG] CMD: Rscript pipeline/mutationannotation.r --dir 'data/genomics/sample09' --annotation 'pipeline/annotations/bomv-OK633884.1.gtf' --genome 'pipeline/genomes/bomv-OK633884.1.fa'
INFO:    gocryptfs not found, will not be able to use gocryptfs
Warning messages:
1: package 'S4Vectors' was built under R version 4.4.1 
2: multiple methods tables found for 'sort' 
3: package 'IRanges' was built under R version 4.4.1 
4: multiple methods tables found for 'sort' 
Warning message:
multiple methods tables found for 'sort' 
[1] "[MSG] SNV VCF is empty. Exiting..."
[MSG] SNV annotation succeeded

[MSG] Pipeline complete! Printing package versions...

Currently Loaded Modules:
  1) intel/24.0            7) bowtie2/ctr-2.3.4.3--py37he860b03_1
  2) impi/21.11            8) samtools/ctr-1.20--h50ea8bc_0
  3) autotools/1.4         9) kraken2/ctr-2.0.7_beta--pl526h2d50403_0
  4) cmake/3.28.1         10) lofreq/ctr-2.1.3.1--py36_0
  5) TACC                 11) tacc-apptainer/1.3.3
  6) biocontainers/0.1.0  12) Rstats/4.1.3

 

[MSG] JOB COMPLETE!

