                                 Started job on |	Jan 17 17:56:47
                             Started mapping on |	Jan 17 18:01:12
                                    Finished on |	Jan 17 18:12:13
       Mapping speed, Million of reads per hour |	249.16

                          Number of input reads |	45748576
                      Average input read length |	150
                                    UNIQUE READS:
                   Uniquely mapped reads number |	34933452
                        Uniquely mapped reads % |	76.36%
                          Average mapped length |	147.43
                       Number of splices: Total |	5620817
            Number of splices: Annotated (sjdb) |	0
                       Number of splices: GT/AG |	5524753
                       Number of splices: GC/AG |	35374
                       Number of splices: AT/AC |	3536
               Number of splices: Non-canonical |	57154
                      Mismatch rate per base, % |	1.26%
                         Deletion rate per base |	0.02%
                        Deletion average length |	1.88
                        Insertion rate per base |	0.01%
                       Insertion average length |	1.90
                             MULTI-MAPPING READS:
        Number of reads mapped to multiple loci |	6533076
             % of reads mapped to multiple loci |	14.28%
        Number of reads mapped to too many loci |	29343
             % of reads mapped to too many loci |	0.06%
                                  UNMAPPED READS:
  Number of reads unmapped: too many mismatches |	0
       % of reads unmapped: too many mismatches |	0.00%
            Number of reads unmapped: too short |	4220431
                 % of reads unmapped: too short |	9.23%
                Number of reads unmapped: other |	32274
                     % of reads unmapped: other |	0.07%
                                  CHIMERIC READS:
                       Number of chimeric reads |	0
                            % of chimeric reads |	0.00%
