                                 Started job on |	Jul 22 15:45:49
                             Started mapping on |	Jul 22 15:46:10
                                    Finished on |	Jul 22 15:54:51
       Mapping speed, Million of reads per hour |	306.59

                          Number of input reads |	44369693
                      Average input read length |	150
                                    UNIQUE READS:
                   Uniquely mapped reads number |	32896411
                        Uniquely mapped reads % |	74.14%
                          Average mapped length |	147.63
                       Number of splices: Total |	5646112
            Number of splices: Annotated (sjdb) |	0
                       Number of splices: GT/AG |	5563394
                       Number of splices: GC/AG |	33353
                       Number of splices: AT/AC |	3081
               Number of splices: Non-canonical |	46284
                      Mismatch rate per base, % |	1.20%
                         Deletion rate per base |	0.02%
                        Deletion average length |	1.92
                        Insertion rate per base |	0.01%
                       Insertion average length |	1.90
                             MULTI-MAPPING READS:
        Number of reads mapped to multiple loci |	7839398
             % of reads mapped to multiple loci |	17.67%
        Number of reads mapped to too many loci |	23813
             % of reads mapped to too many loci |	0.05%
                                  UNMAPPED READS:
  Number of reads unmapped: too many mismatches |	0
       % of reads unmapped: too many mismatches |	0.00%
            Number of reads unmapped: too short |	3588672
                 % of reads unmapped: too short |	8.09%
                Number of reads unmapped: other |	21399
                     % of reads unmapped: other |	0.05%
                                  CHIMERIC READS:
                       Number of chimeric reads |	0
                            % of chimeric reads |	0.00%
