                                 Started job on |	Jan 17 17:58:22
                             Started mapping on |	Jan 17 17:59:25
                                    Finished on |	Jan 17 18:07:19
       Mapping speed, Million of reads per hour |	308.83

                          Number of input reads |	40662563
                      Average input read length |	150
                                    UNIQUE READS:
                   Uniquely mapped reads number |	27185689
                        Uniquely mapped reads % |	66.86%
                          Average mapped length |	147.31
                       Number of splices: Total |	4812194
            Number of splices: Annotated (sjdb) |	0
                       Number of splices: GT/AG |	4730608
                       Number of splices: GC/AG |	29088
                       Number of splices: AT/AC |	2821
               Number of splices: Non-canonical |	49677
                      Mismatch rate per base, % |	1.18%
                         Deletion rate per base |	0.02%
                        Deletion average length |	1.91
                        Insertion rate per base |	0.01%
                       Insertion average length |	1.86
                             MULTI-MAPPING READS:
        Number of reads mapped to multiple loci |	10284064
             % of reads mapped to multiple loci |	25.29%
        Number of reads mapped to too many loci |	24907
             % of reads mapped to too many loci |	0.06%
                                  UNMAPPED READS:
  Number of reads unmapped: too many mismatches |	0
       % of reads unmapped: too many mismatches |	0.00%
            Number of reads unmapped: too short |	3150196
                 % of reads unmapped: too short |	7.75%
                Number of reads unmapped: other |	17707
                     % of reads unmapped: other |	0.04%
                                  CHIMERIC READS:
                       Number of chimeric reads |	0
                            % of chimeric reads |	0.00%
