                                 Started job on |	Jul 22 17:34:43
                             Started mapping on |	Jul 22 17:35:03
                                    Finished on |	Jul 22 17:49:27
       Mapping speed, Million of reads per hour |	203.37

                          Number of input reads |	48809761
                      Average input read length |	152
                                    UNIQUE READS:
                   Uniquely mapped reads number |	30612424
                        Uniquely mapped reads % |	62.72%
                          Average mapped length |	149.27
                       Number of splices: Total |	9127932
            Number of splices: Annotated (sjdb) |	0
                       Number of splices: GT/AG |	9031050
                       Number of splices: GC/AG |	50632
                       Number of splices: AT/AC |	3335
               Number of splices: Non-canonical |	42915
                      Mismatch rate per base, % |	1.22%
                         Deletion rate per base |	0.04%
                        Deletion average length |	2.14
                        Insertion rate per base |	0.03%
                       Insertion average length |	1.98
                             MULTI-MAPPING READS:
        Number of reads mapped to multiple loci |	4083960
             % of reads mapped to multiple loci |	8.37%
        Number of reads mapped to too many loci |	44569
             % of reads mapped to too many loci |	0.09%
                                  UNMAPPED READS:
  Number of reads unmapped: too many mismatches |	0
       % of reads unmapped: too many mismatches |	0.00%
            Number of reads unmapped: too short |	14035993
                 % of reads unmapped: too short |	28.76%
                Number of reads unmapped: other |	32815
                     % of reads unmapped: other |	0.07%
                                  CHIMERIC READS:
                       Number of chimeric reads |	0
                            % of chimeric reads |	0.00%
