                                 Started job on |	Jul 22 15:31:33
                             Started mapping on |	Jul 22 15:31:53
                                    Finished on |	Jul 22 15:49:54
       Mapping speed, Million of reads per hour |	148.43

                          Number of input reads |	44570972
                      Average input read length |	152
                                    UNIQUE READS:
                   Uniquely mapped reads number |	25706104
                        Uniquely mapped reads % |	57.67%
                          Average mapped length |	149.57
                       Number of splices: Total |	7278808
            Number of splices: Annotated (sjdb) |	0
                       Number of splices: GT/AG |	7205877
                       Number of splices: GC/AG |	38265
                       Number of splices: AT/AC |	2600
               Number of splices: Non-canonical |	32066
                      Mismatch rate per base, % |	1.05%
                         Deletion rate per base |	0.03%
                        Deletion average length |	2.12
                        Insertion rate per base |	0.02%
                       Insertion average length |	1.97
                             MULTI-MAPPING READS:
        Number of reads mapped to multiple loci |	4072522
             % of reads mapped to multiple loci |	9.14%
        Number of reads mapped to too many loci |	35686
             % of reads mapped to too many loci |	0.08%
                                  UNMAPPED READS:
  Number of reads unmapped: too many mismatches |	0
       % of reads unmapped: too many mismatches |	0.00%
            Number of reads unmapped: too short |	14730249
                 % of reads unmapped: too short |	33.05%
                Number of reads unmapped: other |	26411
                     % of reads unmapped: other |	0.06%
                                  CHIMERIC READS:
                       Number of chimeric reads |	0
                            % of chimeric reads |	0.00%
