                                 Started job on |	Jan 17 17:57:20
                             Started mapping on |	Jan 17 17:57:58
                                    Finished on |	Jan 17 18:03:23
       Mapping speed, Million of reads per hour |	346.77

                          Number of input reads |	31305552
                      Average input read length |	150
                                    UNIQUE READS:
                   Uniquely mapped reads number |	24100741
                        Uniquely mapped reads % |	76.99%
                          Average mapped length |	147.76
                       Number of splices: Total |	3838033
            Number of splices: Annotated (sjdb) |	0
                       Number of splices: GT/AG |	3783930
                       Number of splices: GC/AG |	22822
                       Number of splices: AT/AC |	2183
               Number of splices: Non-canonical |	29098
                      Mismatch rate per base, % |	1.26%
                         Deletion rate per base |	0.02%
                        Deletion average length |	1.92
                        Insertion rate per base |	0.01%
                       Insertion average length |	1.89
                             MULTI-MAPPING READS:
        Number of reads mapped to multiple loci |	5042737
             % of reads mapped to multiple loci |	16.11%
        Number of reads mapped to too many loci |	19131
             % of reads mapped to too many loci |	0.06%
                                  UNMAPPED READS:
  Number of reads unmapped: too many mismatches |	0
       % of reads unmapped: too many mismatches |	0.00%
            Number of reads unmapped: too short |	2122325
                 % of reads unmapped: too short |	6.78%
                Number of reads unmapped: other |	20618
                     % of reads unmapped: other |	0.07%
                                  CHIMERIC READS:
                       Number of chimeric reads |	0
                            % of chimeric reads |	0.00%
