                                 Started job on |	Jul 22 15:21:19
                             Started mapping on |	Jul 22 15:21:40
                                    Finished on |	Jul 22 15:31:00
       Mapping speed, Million of reads per hour |	308.60

                          Number of input reads |	48004594
                      Average input read length |	152
                                    UNIQUE READS:
                   Uniquely mapped reads number |	32428046
                        Uniquely mapped reads % |	67.55%
                          Average mapped length |	150.36
                       Number of splices: Total |	8824658
            Number of splices: Annotated (sjdb) |	0
                       Number of splices: GT/AG |	8761457
                       Number of splices: GC/AG |	30560
                       Number of splices: AT/AC |	2310
               Number of splices: Non-canonical |	30331
                      Mismatch rate per base, % |	0.62%
                         Deletion rate per base |	0.02%
                        Deletion average length |	2.03
                        Insertion rate per base |	0.01%
                       Insertion average length |	1.93
                             MULTI-MAPPING READS:
        Number of reads mapped to multiple loci |	11412973
             % of reads mapped to multiple loci |	23.77%
        Number of reads mapped to too many loci |	49288
             % of reads mapped to too many loci |	0.10%
                                  UNMAPPED READS:
  Number of reads unmapped: too many mismatches |	0
       % of reads unmapped: too many mismatches |	0.00%
            Number of reads unmapped: too short |	4080451
                 % of reads unmapped: too short |	8.50%
                Number of reads unmapped: other |	33836
                     % of reads unmapped: other |	0.07%
                                  CHIMERIC READS:
                       Number of chimeric reads |	0
                            % of chimeric reads |	0.00%
