                                 Started job on |	Jul 22 16:23:37
                             Started mapping on |	Jul 22 16:23:58
                                    Finished on |	Jul 22 16:32:46
       Mapping speed, Million of reads per hour |	294.60

                          Number of input reads |	43207662
                      Average input read length |	150
                                    UNIQUE READS:
                   Uniquely mapped reads number |	28236214
                        Uniquely mapped reads % |	65.35%
                          Average mapped length |	147.50
                       Number of splices: Total |	5301635
            Number of splices: Annotated (sjdb) |	0
                       Number of splices: GT/AG |	5226953
                       Number of splices: GC/AG |	30233
                       Number of splices: AT/AC |	2419
               Number of splices: Non-canonical |	42030
                      Mismatch rate per base, % |	1.26%
                         Deletion rate per base |	0.02%
                        Deletion average length |	1.90
                        Insertion rate per base |	0.01%
                       Insertion average length |	1.88
                             MULTI-MAPPING READS:
        Number of reads mapped to multiple loci |	11559353
             % of reads mapped to multiple loci |	26.75%
        Number of reads mapped to too many loci |	27313
             % of reads mapped to too many loci |	0.06%
                                  UNMAPPED READS:
  Number of reads unmapped: too many mismatches |	0
       % of reads unmapped: too many mismatches |	0.00%
            Number of reads unmapped: too short |	3369108
                 % of reads unmapped: too short |	7.80%
                Number of reads unmapped: other |	15674
                     % of reads unmapped: other |	0.04%
                                  CHIMERIC READS:
                       Number of chimeric reads |	0
                            % of chimeric reads |	0.00%
