                                 Started job on |	Jul 22 15:30:43
                             Started mapping on |	Jul 22 15:31:05
                                    Finished on |	Jul 22 15:45:06
       Mapping speed, Million of reads per hour |	113.51

                          Number of input reads |	26517177
                      Average input read length |	152
                                    UNIQUE READS:
                   Uniquely mapped reads number |	15727151
                        Uniquely mapped reads % |	59.31%
                          Average mapped length |	149.93
                       Number of splices: Total |	3350370
            Number of splices: Annotated (sjdb) |	0
                       Number of splices: GT/AG |	3310472
                       Number of splices: GC/AG |	20417
                       Number of splices: AT/AC |	1387
               Number of splices: Non-canonical |	18094
                      Mismatch rate per base, % |	0.94%
                         Deletion rate per base |	0.03%
                        Deletion average length |	2.11
                        Insertion rate per base |	0.02%
                       Insertion average length |	2.01
                             MULTI-MAPPING READS:
        Number of reads mapped to multiple loci |	1492822
             % of reads mapped to multiple loci |	5.63%
        Number of reads mapped to too many loci |	18470
             % of reads mapped to too many loci |	0.07%
                                  UNMAPPED READS:
  Number of reads unmapped: too many mismatches |	0
       % of reads unmapped: too many mismatches |	0.00%
            Number of reads unmapped: too short |	9261593
                 % of reads unmapped: too short |	34.93%
                Number of reads unmapped: other |	17141
                     % of reads unmapped: other |	0.06%
                                  CHIMERIC READS:
                       Number of chimeric reads |	0
                            % of chimeric reads |	0.00%
