                                 Started job on |	Jan 17 17:56:47
                             Started mapping on |	Jan 17 17:57:32
                                    Finished on |	Jan 17 18:07:33
       Mapping speed, Million of reads per hour |	300.34

                          Number of input reads |	50140802
                      Average input read length |	150
                                    UNIQUE READS:
                   Uniquely mapped reads number |	35865311
                        Uniquely mapped reads % |	71.53%
                          Average mapped length |	147.52
                       Number of splices: Total |	5756605
            Number of splices: Annotated (sjdb) |	0
                       Number of splices: GT/AG |	5667587
                       Number of splices: GC/AG |	34961
                       Number of splices: AT/AC |	2994
               Number of splices: Non-canonical |	51063
                      Mismatch rate per base, % |	1.37%
                         Deletion rate per base |	0.03%
                        Deletion average length |	1.58
                        Insertion rate per base |	0.01%
                       Insertion average length |	1.82
                             MULTI-MAPPING READS:
        Number of reads mapped to multiple loci |	9406970
             % of reads mapped to multiple loci |	18.76%
        Number of reads mapped to too many loci |	29099
             % of reads mapped to too many loci |	0.06%
                                  UNMAPPED READS:
  Number of reads unmapped: too many mismatches |	0
       % of reads unmapped: too many mismatches |	0.00%
            Number of reads unmapped: too short |	4817099
                 % of reads unmapped: too short |	9.61%
                Number of reads unmapped: other |	22323
                     % of reads unmapped: other |	0.04%
                                  CHIMERIC READS:
                       Number of chimeric reads |	0
                            % of chimeric reads |	0.00%
