                                 Started job on |	Jan 17 17:50:56
                             Started mapping on |	Jan 17 17:51:28
                                    Finished on |	Jan 17 17:59:44
       Mapping speed, Million of reads per hour |	325.39

                          Number of input reads |	44831206
                      Average input read length |	150
                                    UNIQUE READS:
                   Uniquely mapped reads number |	33918312
                        Uniquely mapped reads % |	75.66%
                          Average mapped length |	147.66
                       Number of splices: Total |	5529000
            Number of splices: Annotated (sjdb) |	0
                       Number of splices: GT/AG |	5440389
                       Number of splices: GC/AG |	34967
                       Number of splices: AT/AC |	3132
               Number of splices: Non-canonical |	50512
                      Mismatch rate per base, % |	1.21%
                         Deletion rate per base |	0.03%
                        Deletion average length |	1.77
                        Insertion rate per base |	0.01%
                       Insertion average length |	1.93
                             MULTI-MAPPING READS:
        Number of reads mapped to multiple loci |	6777816
             % of reads mapped to multiple loci |	15.12%
        Number of reads mapped to too many loci |	20266
             % of reads mapped to too many loci |	0.05%
                                  UNMAPPED READS:
  Number of reads unmapped: too many mismatches |	0
       % of reads unmapped: too many mismatches |	0.00%
            Number of reads unmapped: too short |	4090020
                 % of reads unmapped: too short |	9.12%
                Number of reads unmapped: other |	24792
                     % of reads unmapped: other |	0.06%
                                  CHIMERIC READS:
                       Number of chimeric reads |	0
                            % of chimeric reads |	0.00%
