                                 Started job on |	Jan 17 17:56:48
                             Started mapping on |	Jan 17 17:57:36
                                    Finished on |	Jan 17 18:28:58
       Mapping speed, Million of reads per hour |	108.79

                          Number of input reads |	56870499
                      Average input read length |	150
                                    UNIQUE READS:
                   Uniquely mapped reads number |	41894530
                        Uniquely mapped reads % |	73.67%
                          Average mapped length |	147.35
                       Number of splices: Total |	7471197
            Number of splices: Annotated (sjdb) |	0
                       Number of splices: GT/AG |	7354181
                       Number of splices: GC/AG |	46865
                       Number of splices: AT/AC |	3582
               Number of splices: Non-canonical |	66569
                      Mismatch rate per base, % |	1.27%
                         Deletion rate per base |	0.02%
                        Deletion average length |	1.87
                        Insertion rate per base |	0.01%
                       Insertion average length |	1.92
                             MULTI-MAPPING READS:
        Number of reads mapped to multiple loci |	9229860
             % of reads mapped to multiple loci |	16.23%
        Number of reads mapped to too many loci |	40457
             % of reads mapped to too many loci |	0.07%
                                  UNMAPPED READS:
  Number of reads unmapped: too many mismatches |	0
       % of reads unmapped: too many mismatches |	0.00%
            Number of reads unmapped: too short |	5668924
                 % of reads unmapped: too short |	9.97%
                Number of reads unmapped: other |	36728
                     % of reads unmapped: other |	0.06%
                                  CHIMERIC READS:
                       Number of chimeric reads |	0
                            % of chimeric reads |	0.00%
