                                 Started job on |	Jul 22 15:21:00
                             Started mapping on |	Jul 22 15:21:21
                                    Finished on |	Jul 22 15:30:10
       Mapping speed, Million of reads per hour |	294.49

                          Number of input reads |	43273650
                      Average input read length |	150
                                    UNIQUE READS:
                   Uniquely mapped reads number |	28249386
                        Uniquely mapped reads % |	65.28%
                          Average mapped length |	147.40
                       Number of splices: Total |	5033350
            Number of splices: Annotated (sjdb) |	0
                       Number of splices: GT/AG |	4951421
                       Number of splices: GC/AG |	30901
                       Number of splices: AT/AC |	2814
               Number of splices: Non-canonical |	48214
                      Mismatch rate per base, % |	1.22%
                         Deletion rate per base |	0.02%
                        Deletion average length |	1.88
                        Insertion rate per base |	0.01%
                       Insertion average length |	1.88
                             MULTI-MAPPING READS:
        Number of reads mapped to multiple loci |	11341865
             % of reads mapped to multiple loci |	26.21%
        Number of reads mapped to too many loci |	27791
             % of reads mapped to too many loci |	0.06%
                                  UNMAPPED READS:
  Number of reads unmapped: too many mismatches |	0
       % of reads unmapped: too many mismatches |	0.00%
            Number of reads unmapped: too short |	3633748
                 % of reads unmapped: too short |	8.40%
                Number of reads unmapped: other |	20860
                     % of reads unmapped: other |	0.05%
                                  CHIMERIC READS:
                       Number of chimeric reads |	0
                            % of chimeric reads |	0.00%
