                                 Started job on |	Jul 22 17:37:16
                             Started mapping on |	Jul 22 17:37:37
                                    Finished on |	Jul 22 17:46:54
       Mapping speed, Million of reads per hour |	317.67

                          Number of input reads |	49150221
                      Average input read length |	150
                                    UNIQUE READS:
                   Uniquely mapped reads number |	33339484
                        Uniquely mapped reads % |	67.83%
                          Average mapped length |	147.63
                       Number of splices: Total |	6331494
            Number of splices: Annotated (sjdb) |	0
                       Number of splices: GT/AG |	6243396
                       Number of splices: GC/AG |	37235
                       Number of splices: AT/AC |	4010
               Number of splices: Non-canonical |	46853
                      Mismatch rate per base, % |	1.19%
                         Deletion rate per base |	0.02%
                        Deletion average length |	1.90
                        Insertion rate per base |	0.01%
                       Insertion average length |	1.84
                             MULTI-MAPPING READS:
        Number of reads mapped to multiple loci |	12510254
             % of reads mapped to multiple loci |	25.45%
        Number of reads mapped to too many loci |	18165
             % of reads mapped to too many loci |	0.04%
                                  UNMAPPED READS:
  Number of reads unmapped: too many mismatches |	0
       % of reads unmapped: too many mismatches |	0.00%
            Number of reads unmapped: too short |	3268048
                 % of reads unmapped: too short |	6.65%
                Number of reads unmapped: other |	14270
                     % of reads unmapped: other |	0.03%
                                  CHIMERIC READS:
                       Number of chimeric reads |	0
                            % of chimeric reads |	0.00%
