                                 Started job on |	Jul 22 15:21:18
                             Started mapping on |	Jul 22 15:21:39
                                    Finished on |	Jul 22 15:32:41
       Mapping speed, Million of reads per hour |	208.11

                          Number of input reads |	38269204
                      Average input read length |	152
                                    UNIQUE READS:
                   Uniquely mapped reads number |	25132006
                        Uniquely mapped reads % |	65.67%
                          Average mapped length |	149.66
                       Number of splices: Total |	6231349
            Number of splices: Annotated (sjdb) |	0
                       Number of splices: GT/AG |	6160341
                       Number of splices: GC/AG |	36456
                       Number of splices: AT/AC |	2500
               Number of splices: Non-canonical |	32052
                      Mismatch rate per base, % |	1.03%
                         Deletion rate per base |	0.03%
                        Deletion average length |	2.13
                        Insertion rate per base |	0.02%
                       Insertion average length |	1.99
                             MULTI-MAPPING READS:
        Number of reads mapped to multiple loci |	2605348
             % of reads mapped to multiple loci |	6.81%
        Number of reads mapped to too many loci |	32989
             % of reads mapped to too many loci |	0.09%
                                  UNMAPPED READS:
  Number of reads unmapped: too many mismatches |	0
       % of reads unmapped: too many mismatches |	0.00%
            Number of reads unmapped: too short |	10468545
                 % of reads unmapped: too short |	27.36%
                Number of reads unmapped: other |	30316
                     % of reads unmapped: other |	0.08%
                                  CHIMERIC READS:
                       Number of chimeric reads |	0
                            % of chimeric reads |	0.00%
