                                 Started job on |	Jan 17 17:57:20
                             Started mapping on |	Jan 17 18:01:08
                                    Finished on |	Jan 17 18:09:17
       Mapping speed, Million of reads per hour |	324.19

                          Number of input reads |	44035196
                      Average input read length |	150
                                    UNIQUE READS:
                   Uniquely mapped reads number |	34160248
                        Uniquely mapped reads % |	77.57%
                          Average mapped length |	147.00
                       Number of splices: Total |	5803679
            Number of splices: Annotated (sjdb) |	0
                       Number of splices: GT/AG |	5710947
                       Number of splices: GC/AG |	34472
                       Number of splices: AT/AC |	3378
               Number of splices: Non-canonical |	54882
                      Mismatch rate per base, % |	1.41%
                         Deletion rate per base |	0.02%
                        Deletion average length |	1.97
                        Insertion rate per base |	0.02%
                       Insertion average length |	1.86
                             MULTI-MAPPING READS:
        Number of reads mapped to multiple loci |	4900554
             % of reads mapped to multiple loci |	11.13%
        Number of reads mapped to too many loci |	27134
             % of reads mapped to too many loci |	0.06%
                                  UNMAPPED READS:
  Number of reads unmapped: too many mismatches |	0
       % of reads unmapped: too many mismatches |	0.00%
            Number of reads unmapped: too short |	4927882
                 % of reads unmapped: too short |	11.19%
                Number of reads unmapped: other |	19378
                     % of reads unmapped: other |	0.04%
                                  CHIMERIC READS:
                       Number of chimeric reads |	0
                            % of chimeric reads |	0.00%
