                                 Started job on |	Jan 17 17:57:20
                             Started mapping on |	Jan 17 18:01:08
                                    Finished on |	Jan 17 18:09:34
       Mapping speed, Million of reads per hour |	322.87

                          Number of input reads |	45380505
                      Average input read length |	150
                                    UNIQUE READS:
                   Uniquely mapped reads number |	32213383
                        Uniquely mapped reads % |	70.99%
                          Average mapped length |	147.49
                       Number of splices: Total |	5954985
            Number of splices: Annotated (sjdb) |	0
                       Number of splices: GT/AG |	5864831
                       Number of splices: GC/AG |	34915
                       Number of splices: AT/AC |	3323
               Number of splices: Non-canonical |	51916
                      Mismatch rate per base, % |	1.20%
                         Deletion rate per base |	0.02%
                        Deletion average length |	1.92
                        Insertion rate per base |	0.01%
                       Insertion average length |	1.90
                             MULTI-MAPPING READS:
        Number of reads mapped to multiple loci |	9439616
             % of reads mapped to multiple loci |	20.80%
        Number of reads mapped to too many loci |	28068
             % of reads mapped to too many loci |	0.06%
                                  UNMAPPED READS:
  Number of reads unmapped: too many mismatches |	0
       % of reads unmapped: too many mismatches |	0.00%
            Number of reads unmapped: too short |	3680359
                 % of reads unmapped: too short |	8.11%
                Number of reads unmapped: other |	19079
                     % of reads unmapped: other |	0.04%
                                  CHIMERIC READS:
                       Number of chimeric reads |	0
                            % of chimeric reads |	0.00%
