                                 Started job on |	Jul 22 17:23:15
                             Started mapping on |	Jul 22 17:23:39
                                    Finished on |	Jul 22 17:34:05
       Mapping speed, Million of reads per hour |	237.99

                          Number of input reads |	41383041
                      Average input read length |	152
                                    UNIQUE READS:
                   Uniquely mapped reads number |	32413430
                        Uniquely mapped reads % |	78.33%
                          Average mapped length |	150.09
                       Number of splices: Total |	6485140
            Number of splices: Annotated (sjdb) |	0
                       Number of splices: GT/AG |	6399940
                       Number of splices: GC/AG |	43330
                       Number of splices: AT/AC |	3091
               Number of splices: Non-canonical |	38779
                      Mismatch rate per base, % |	0.82%
                         Deletion rate per base |	0.03%
                        Deletion average length |	2.08
                        Insertion rate per base |	0.02%
                       Insertion average length |	2.02
                             MULTI-MAPPING READS:
        Number of reads mapped to multiple loci |	2790360
             % of reads mapped to multiple loci |	6.74%
        Number of reads mapped to too many loci |	42805
             % of reads mapped to too many loci |	0.10%
                                  UNMAPPED READS:
  Number of reads unmapped: too many mismatches |	0
       % of reads unmapped: too many mismatches |	0.00%
            Number of reads unmapped: too short |	6099174
                 % of reads unmapped: too short |	14.74%
                Number of reads unmapped: other |	37272
                     % of reads unmapped: other |	0.09%
                                  CHIMERIC READS:
                       Number of chimeric reads |	0
                            % of chimeric reads |	0.00%
