                                 Started job on |	Jan 17 17:57:20
                             Started mapping on |	Jan 17 17:57:58
                                    Finished on |	Jan 17 18:07:51
       Mapping speed, Million of reads per hour |	356.28

                          Number of input reads |	58687358
                      Average input read length |	150
                                    UNIQUE READS:
                   Uniquely mapped reads number |	37372163
                        Uniquely mapped reads % |	63.68%
                          Average mapped length |	147.58
                       Number of splices: Total |	7818814
            Number of splices: Annotated (sjdb) |	0
                       Number of splices: GT/AG |	7713595
                       Number of splices: GC/AG |	42642
                       Number of splices: AT/AC |	4048
               Number of splices: Non-canonical |	58529
                      Mismatch rate per base, % |	1.15%
                         Deletion rate per base |	0.02%
                        Deletion average length |	1.92
                        Insertion rate per base |	0.01%
                       Insertion average length |	1.78
                             MULTI-MAPPING READS:
        Number of reads mapped to multiple loci |	17605948
             % of reads mapped to multiple loci |	30.00%
        Number of reads mapped to too many loci |	39643
             % of reads mapped to too many loci |	0.07%
                                  UNMAPPED READS:
  Number of reads unmapped: too many mismatches |	0
       % of reads unmapped: too many mismatches |	0.00%
            Number of reads unmapped: too short |	3653049
                 % of reads unmapped: too short |	6.22%
                Number of reads unmapped: other |	16555
                     % of reads unmapped: other |	0.03%
                                  CHIMERIC READS:
                       Number of chimeric reads |	0
                            % of chimeric reads |	0.00%
