                                 Started job on |	Jul 22 17:47:45
                             Started mapping on |	Jul 22 17:48:05
                                    Finished on |	Jul 22 17:57:45
       Mapping speed, Million of reads per hour |	320.61

                          Number of input reads |	51654160
                      Average input read length |	150
                                    UNIQUE READS:
                   Uniquely mapped reads number |	35348172
                        Uniquely mapped reads % |	68.43%
                          Average mapped length |	147.47
                       Number of splices: Total |	6245240
            Number of splices: Annotated (sjdb) |	0
                       Number of splices: GT/AG |	6149275
                       Number of splices: GC/AG |	34275
                       Number of splices: AT/AC |	3799
               Number of splices: Non-canonical |	57891
                      Mismatch rate per base, % |	1.17%
                         Deletion rate per base |	0.02%
                        Deletion average length |	1.95
                        Insertion rate per base |	0.01%
                       Insertion average length |	1.80
                             MULTI-MAPPING READS:
        Number of reads mapped to multiple loci |	12557530
             % of reads mapped to multiple loci |	24.31%
        Number of reads mapped to too many loci |	22997
             % of reads mapped to too many loci |	0.04%
                                  UNMAPPED READS:
  Number of reads unmapped: too many mismatches |	0
       % of reads unmapped: too many mismatches |	0.00%
            Number of reads unmapped: too short |	3710603
                 % of reads unmapped: too short |	7.18%
                Number of reads unmapped: other |	14858
                     % of reads unmapped: other |	0.03%
                                  CHIMERIC READS:
                       Number of chimeric reads |	0
                            % of chimeric reads |	0.00%
