                                 Started job on |	Jul 22 18:00:45
                             Started mapping on |	Jul 22 18:01:06
                                    Finished on |	Jul 22 18:10:21
       Mapping speed, Million of reads per hour |	322.46

                          Number of input reads |	49712330
                      Average input read length |	150
                                    UNIQUE READS:
                   Uniquely mapped reads number |	40893195
                        Uniquely mapped reads % |	82.26%
                          Average mapped length |	147.99
                       Number of splices: Total |	5414807
            Number of splices: Annotated (sjdb) |	0
                       Number of splices: GT/AG |	5332830
                       Number of splices: GC/AG |	33056
                       Number of splices: AT/AC |	3369
               Number of splices: Non-canonical |	45552
                      Mismatch rate per base, % |	1.20%
                         Deletion rate per base |	0.02%
                        Deletion average length |	1.93
                        Insertion rate per base |	0.02%
                       Insertion average length |	1.90
                             MULTI-MAPPING READS:
        Number of reads mapped to multiple loci |	5530179
             % of reads mapped to multiple loci |	11.12%
        Number of reads mapped to too many loci |	24505
             % of reads mapped to too many loci |	0.05%
                                  UNMAPPED READS:
  Number of reads unmapped: too many mismatches |	0
       % of reads unmapped: too many mismatches |	0.00%
            Number of reads unmapped: too short |	3233676
                 % of reads unmapped: too short |	6.50%
                Number of reads unmapped: other |	30775
                     % of reads unmapped: other |	0.06%
                                  CHIMERIC READS:
                       Number of chimeric reads |	0
                            % of chimeric reads |	0.00%
