                                 Started job on |	Jul 22 16:04:59
                             Started mapping on |	Jul 22 16:05:20
                                    Finished on |	Jul 22 16:14:57
       Mapping speed, Million of reads per hour |	311.26

                          Number of input reads |	49888664
                      Average input read length |	150
                                    UNIQUE READS:
                   Uniquely mapped reads number |	38613017
                        Uniquely mapped reads % |	77.40%
                          Average mapped length |	147.34
                       Number of splices: Total |	6410025
            Number of splices: Annotated (sjdb) |	0
                       Number of splices: GT/AG |	6312978
                       Number of splices: GC/AG |	36739
                       Number of splices: AT/AC |	3170
               Number of splices: Non-canonical |	57138
                      Mismatch rate per base, % |	1.21%
                         Deletion rate per base |	0.02%
                        Deletion average length |	1.96
                        Insertion rate per base |	0.02%
                       Insertion average length |	1.83
                             MULTI-MAPPING READS:
        Number of reads mapped to multiple loci |	6987663
             % of reads mapped to multiple loci |	14.01%
        Number of reads mapped to too many loci |	25606
             % of reads mapped to too many loci |	0.05%
                                  UNMAPPED READS:
  Number of reads unmapped: too many mismatches |	0
       % of reads unmapped: too many mismatches |	0.00%
            Number of reads unmapped: too short |	4241334
                 % of reads unmapped: too short |	8.50%
                Number of reads unmapped: other |	21044
                     % of reads unmapped: other |	0.04%
                                  CHIMERIC READS:
                       Number of chimeric reads |	0
                            % of chimeric reads |	0.00%
