                                 Started job on |	Jul 22 18:28:48
                             Started mapping on |	Jul 22 18:29:09
                                    Finished on |	Jul 22 18:40:13
       Mapping speed, Million of reads per hour |	256.75

                          Number of input reads |	47356531
                      Average input read length |	150
                                    UNIQUE READS:
                   Uniquely mapped reads number |	31703937
                        Uniquely mapped reads % |	66.95%
                          Average mapped length |	147.60
                       Number of splices: Total |	4337227
            Number of splices: Annotated (sjdb) |	0
                       Number of splices: GT/AG |	4261232
                       Number of splices: GC/AG |	28803
                       Number of splices: AT/AC |	2279
               Number of splices: Non-canonical |	44913
                      Mismatch rate per base, % |	1.26%
                         Deletion rate per base |	0.02%
                        Deletion average length |	1.91
                        Insertion rate per base |	0.01%
                       Insertion average length |	1.91
                             MULTI-MAPPING READS:
        Number of reads mapped to multiple loci |	6224540
             % of reads mapped to multiple loci |	13.14%
        Number of reads mapped to too many loci |	37846
             % of reads mapped to too many loci |	0.08%
                                  UNMAPPED READS:
  Number of reads unmapped: too many mismatches |	0
       % of reads unmapped: too many mismatches |	0.00%
            Number of reads unmapped: too short |	9348017
                 % of reads unmapped: too short |	19.74%
                Number of reads unmapped: other |	42191
                     % of reads unmapped: other |	0.09%
                                  CHIMERIC READS:
                       Number of chimeric reads |	0
                            % of chimeric reads |	0.00%
