                                 Started job on |	Jul 22 16:15:30
                             Started mapping on |	Jul 22 16:15:51
                                    Finished on |	Jul 22 16:24:44
       Mapping speed, Million of reads per hour |	312.25

                          Number of input reads |	46230074
                      Average input read length |	150
                                    UNIQUE READS:
                   Uniquely mapped reads number |	36157696
                        Uniquely mapped reads % |	78.21%
                          Average mapped length |	147.27
                       Number of splices: Total |	5950834
            Number of splices: Annotated (sjdb) |	0
                       Number of splices: GT/AG |	5855445
                       Number of splices: GC/AG |	34334
                       Number of splices: AT/AC |	3209
               Number of splices: Non-canonical |	57846
                      Mismatch rate per base, % |	1.22%
                         Deletion rate per base |	0.02%
                        Deletion average length |	2.01
                        Insertion rate per base |	0.02%
                       Insertion average length |	1.90
                             MULTI-MAPPING READS:
        Number of reads mapped to multiple loci |	5941006
             % of reads mapped to multiple loci |	12.85%
        Number of reads mapped to too many loci |	24210
             % of reads mapped to too many loci |	0.05%
                                  UNMAPPED READS:
  Number of reads unmapped: too many mismatches |	0
       % of reads unmapped: too many mismatches |	0.00%
            Number of reads unmapped: too short |	4086785
                 % of reads unmapped: too short |	8.84%
                Number of reads unmapped: other |	20377
                     % of reads unmapped: other |	0.04%
                                  CHIMERIC READS:
                       Number of chimeric reads |	0
                            % of chimeric reads |	0.00%
