                                 Started job on |	Jan 17 17:57:20
                             Started mapping on |	Jan 17 18:01:08
                                    Finished on |	Jan 17 18:08:38
       Mapping speed, Million of reads per hour |	307.74

                          Number of input reads |	38467970
                      Average input read length |	150
                                    UNIQUE READS:
                   Uniquely mapped reads number |	28835491
                        Uniquely mapped reads % |	74.96%
                          Average mapped length |	147.29
                       Number of splices: Total |	5167004
            Number of splices: Annotated (sjdb) |	0
                       Number of splices: GT/AG |	5088954
                       Number of splices: GC/AG |	30240
                       Number of splices: AT/AC |	2687
               Number of splices: Non-canonical |	45123
                      Mismatch rate per base, % |	1.23%
                         Deletion rate per base |	0.02%
                        Deletion average length |	1.92
                        Insertion rate per base |	0.01%
                       Insertion average length |	1.87
                             MULTI-MAPPING READS:
        Number of reads mapped to multiple loci |	6291338
             % of reads mapped to multiple loci |	16.35%
        Number of reads mapped to too many loci |	19779
             % of reads mapped to too many loci |	0.05%
                                  UNMAPPED READS:
  Number of reads unmapped: too many mismatches |	0
       % of reads unmapped: too many mismatches |	0.00%
            Number of reads unmapped: too short |	3305001
                 % of reads unmapped: too short |	8.59%
                Number of reads unmapped: other |	16361
                     % of reads unmapped: other |	0.04%
                                  CHIMERIC READS:
                       Number of chimeric reads |	0
                            % of chimeric reads |	0.00%
