                                 Started job on |	Jul 22 14:51:56
                             Started mapping on |	Jul 22 14:52:33
                                    Finished on |	Jul 22 15:01:10
       Mapping speed, Million of reads per hour |	308.85

                          Number of input reads |	44353962
                      Average input read length |	150
                                    UNIQUE READS:
                   Uniquely mapped reads number |	36484399
                        Uniquely mapped reads % |	82.26%
                          Average mapped length |	147.68
                       Number of splices: Total |	5907828
            Number of splices: Annotated (sjdb) |	0
                       Number of splices: GT/AG |	5819460
                       Number of splices: GC/AG |	36599
                       Number of splices: AT/AC |	3425
               Number of splices: Non-canonical |	48344
                      Mismatch rate per base, % |	1.25%
                         Deletion rate per base |	0.02%
                        Deletion average length |	1.87
                        Insertion rate per base |	0.01%
                       Insertion average length |	1.92
                             MULTI-MAPPING READS:
        Number of reads mapped to multiple loci |	3957535
             % of reads mapped to multiple loci |	8.92%
        Number of reads mapped to too many loci |	22677
             % of reads mapped to too many loci |	0.05%
                                  UNMAPPED READS:
  Number of reads unmapped: too many mismatches |	0
       % of reads unmapped: too many mismatches |	0.00%
            Number of reads unmapped: too short |	3865532
                 % of reads unmapped: too short |	8.72%
                Number of reads unmapped: other |	23819
                     % of reads unmapped: other |	0.05%
                                  CHIMERIC READS:
                       Number of chimeric reads |	0
                            % of chimeric reads |	0.00%
