                                 Started job on |	Jan 17 17:58:22
                             Started mapping on |	Jan 17 18:02:30
                                    Finished on |	Jan 17 18:16:32
       Mapping speed, Million of reads per hour |	235.03

                          Number of input reads |	54972048
                      Average input read length |	150
                                    UNIQUE READS:
                   Uniquely mapped reads number |	41560182
                        Uniquely mapped reads % |	75.60%
                          Average mapped length |	147.69
                       Number of splices: Total |	6202019
            Number of splices: Annotated (sjdb) |	0
                       Number of splices: GT/AG |	6102076
                       Number of splices: GC/AG |	40615
                       Number of splices: AT/AC |	3260
               Number of splices: Non-canonical |	56068
                      Mismatch rate per base, % |	1.25%
                         Deletion rate per base |	0.02%
                        Deletion average length |	1.91
                        Insertion rate per base |	0.01%
                       Insertion average length |	1.93
                             MULTI-MAPPING READS:
        Number of reads mapped to multiple loci |	5633961
             % of reads mapped to multiple loci |	10.25%
        Number of reads mapped to too many loci |	36777
             % of reads mapped to too many loci |	0.07%
                                  UNMAPPED READS:
  Number of reads unmapped: too many mismatches |	0
       % of reads unmapped: too many mismatches |	0.00%
            Number of reads unmapped: too short |	7695879
                 % of reads unmapped: too short |	14.00%
                Number of reads unmapped: other |	45249
                     % of reads unmapped: other |	0.08%
                                  CHIMERIC READS:
                       Number of chimeric reads |	0
                            % of chimeric reads |	0.00%
