                                 Started job on |	Jul 22 16:25:09
                             Started mapping on |	Jul 22 16:25:30
                                    Finished on |	Jul 22 16:38:01
       Mapping speed, Million of reads per hour |	154.40

                          Number of input reads |	32210569
                      Average input read length |	152
                                    UNIQUE READS:
                   Uniquely mapped reads number |	17548371
                        Uniquely mapped reads % |	54.48%
                          Average mapped length |	149.81
                       Number of splices: Total |	4638977
            Number of splices: Annotated (sjdb) |	0
                       Number of splices: GT/AG |	4588569
                       Number of splices: GC/AG |	27377
                       Number of splices: AT/AC |	1765
               Number of splices: Non-canonical |	21266
                      Mismatch rate per base, % |	0.90%
                         Deletion rate per base |	0.03%
                        Deletion average length |	2.07
                        Insertion rate per base |	0.02%
                       Insertion average length |	1.97
                             MULTI-MAPPING READS:
        Number of reads mapped to multiple loci |	3464174
             % of reads mapped to multiple loci |	10.75%
        Number of reads mapped to too many loci |	24844
             % of reads mapped to too many loci |	0.08%
                                  UNMAPPED READS:
  Number of reads unmapped: too many mismatches |	0
       % of reads unmapped: too many mismatches |	0.00%
            Number of reads unmapped: too short |	11154958
                 % of reads unmapped: too short |	34.63%
                Number of reads unmapped: other |	18222
                     % of reads unmapped: other |	0.06%
                                  CHIMERIC READS:
                       Number of chimeric reads |	0
                            % of chimeric reads |	0.00%
