                                 Started job on |	Jan 17 17:56:47
                             Started mapping on |	Jan 17 17:57:18
                                    Finished on |	Jan 17 18:07:31
       Mapping speed, Million of reads per hour |	275.73

                          Number of input reads |	46950183
                      Average input read length |	150
                                    UNIQUE READS:
                   Uniquely mapped reads number |	36823875
                        Uniquely mapped reads % |	78.43%
                          Average mapped length |	147.77
                       Number of splices: Total |	6019650
            Number of splices: Annotated (sjdb) |	0
                       Number of splices: GT/AG |	5935208
                       Number of splices: GC/AG |	36326
                       Number of splices: AT/AC |	3099
               Number of splices: Non-canonical |	45017
                      Mismatch rate per base, % |	1.28%
                         Deletion rate per base |	0.02%
                        Deletion average length |	1.91
                        Insertion rate per base |	0.01%
                       Insertion average length |	1.91
                             MULTI-MAPPING READS:
        Number of reads mapped to multiple loci |	6407371
             % of reads mapped to multiple loci |	13.65%
        Number of reads mapped to too many loci |	27281
             % of reads mapped to too many loci |	0.06%
                                  UNMAPPED READS:
  Number of reads unmapped: too many mismatches |	0
       % of reads unmapped: too many mismatches |	0.00%
            Number of reads unmapped: too short |	3663380
                 % of reads unmapped: too short |	7.80%
                Number of reads unmapped: other |	28276
                     % of reads unmapped: other |	0.06%
                                  CHIMERIC READS:
                       Number of chimeric reads |	0
                            % of chimeric reads |	0.00%
