                                 Started job on |	Jul 22 17:58:45
                             Started mapping on |	Jul 22 17:59:06
                                    Finished on |	Jul 22 18:09:06
       Mapping speed, Million of reads per hour |	312.92

                          Number of input reads |	52153587
                      Average input read length |	150
                                    UNIQUE READS:
                   Uniquely mapped reads number |	40015126
                        Uniquely mapped reads % |	76.73%
                          Average mapped length |	147.57
                       Number of splices: Total |	6666154
            Number of splices: Annotated (sjdb) |	0
                       Number of splices: GT/AG |	6570648
                       Number of splices: GC/AG |	38200
                       Number of splices: AT/AC |	3757
               Number of splices: Non-canonical |	53549
                      Mismatch rate per base, % |	1.23%
                         Deletion rate per base |	0.02%
                        Deletion average length |	1.90
                        Insertion rate per base |	0.01%
                       Insertion average length |	1.86
                             MULTI-MAPPING READS:
        Number of reads mapped to multiple loci |	8110669
             % of reads mapped to multiple loci |	15.55%
        Number of reads mapped to too many loci |	28284
             % of reads mapped to too many loci |	0.05%
                                  UNMAPPED READS:
  Number of reads unmapped: too many mismatches |	0
       % of reads unmapped: too many mismatches |	0.00%
            Number of reads unmapped: too short |	3974316
                 % of reads unmapped: too short |	7.62%
                Number of reads unmapped: other |	25192
                     % of reads unmapped: other |	0.05%
                                  CHIMERIC READS:
                       Number of chimeric reads |	0
                            % of chimeric reads |	0.00%
