                                 Started job on |	Jul 22 18:53:51
                             Started mapping on |	Jul 22 18:54:13
                                    Finished on |	Jul 22 19:03:08
       Mapping speed, Million of reads per hour |	291.19

                          Number of input reads |	43273650
                      Average input read length |	150
                                    UNIQUE READS:
                   Uniquely mapped reads number |	28373342
                        Uniquely mapped reads % |	65.57%
                          Average mapped length |	147.36
                       Number of splices: Total |	5012567
            Number of splices: Annotated (sjdb) |	0
                       Number of splices: GT/AG |	4922462
                       Number of splices: GC/AG |	30553
                       Number of splices: AT/AC |	2834
               Number of splices: Non-canonical |	56718
                      Mismatch rate per base, % |	1.21%
                         Deletion rate per base |	0.02%
                        Deletion average length |	1.85
                        Insertion rate per base |	0.01%
                       Insertion average length |	1.74
                             MULTI-MAPPING READS:
        Number of reads mapped to multiple loci |	10817588
             % of reads mapped to multiple loci |	25.00%
        Number of reads mapped to too many loci |	14182
             % of reads mapped to too many loci |	0.03%
                                  UNMAPPED READS:
  Number of reads unmapped: too many mismatches |	0
       % of reads unmapped: too many mismatches |	0.00%
            Number of reads unmapped: too short |	4051729
                 % of reads unmapped: too short |	9.36%
                Number of reads unmapped: other |	16809
                     % of reads unmapped: other |	0.04%
                                  CHIMERIC READS:
                       Number of chimeric reads |	0
                            % of chimeric reads |	0.00%
