                                 Started job on |	Jul 23 11:44:40
                             Started mapping on |	Jul 23 11:45:01
                                    Finished on |	Jul 23 11:57:06
       Mapping speed, Million of reads per hour |	235.15

                          Number of input reads |	47356531
                      Average input read length |	150
                                    UNIQUE READS:
                   Uniquely mapped reads number |	31785365
                        Uniquely mapped reads % |	67.12%
                          Average mapped length |	147.60
                       Number of splices: Total |	4327931
            Number of splices: Annotated (sjdb) |	0
                       Number of splices: GT/AG |	4244315
                       Number of splices: GC/AG |	28656
                       Number of splices: AT/AC |	2269
               Number of splices: Non-canonical |	52691
                      Mismatch rate per base, % |	1.23%
                         Deletion rate per base |	0.02%
                        Deletion average length |	1.92
                        Insertion rate per base |	0.01%
                       Insertion average length |	1.77
                             MULTI-MAPPING READS:
        Number of reads mapped to multiple loci |	5838968
             % of reads mapped to multiple loci |	12.33%
        Number of reads mapped to too many loci |	24024
             % of reads mapped to too many loci |	0.05%
                                  UNMAPPED READS:
  Number of reads unmapped: too many mismatches |	0
       % of reads unmapped: too many mismatches |	0.00%
            Number of reads unmapped: too short |	9671887
                 % of reads unmapped: too short |	20.42%
                Number of reads unmapped: other |	36287
                     % of reads unmapped: other |	0.08%
                                  CHIMERIC READS:
                       Number of chimeric reads |	0
                            % of chimeric reads |	0.00%
