                                 Started job on |	Jan 17 17:59:20
                             Started mapping on |	Jan 17 18:00:16
                                    Finished on |	Jan 17 18:10:03
       Mapping speed, Million of reads per hour |	274.94

                          Number of input reads |	44831206
                      Average input read length |	150
                                    UNIQUE READS:
                   Uniquely mapped reads number |	34040774
                        Uniquely mapped reads % |	75.93%
                          Average mapped length |	147.64
                       Number of splices: Total |	5477155
            Number of splices: Annotated (sjdb) |	0
                       Number of splices: GT/AG |	5384683
                       Number of splices: GC/AG |	34375
                       Number of splices: AT/AC |	3045
               Number of splices: Non-canonical |	55052
                      Mismatch rate per base, % |	1.19%
                         Deletion rate per base |	0.02%
                        Deletion average length |	1.72
                        Insertion rate per base |	0.01%
                       Insertion average length |	1.81
                             MULTI-MAPPING READS:
        Number of reads mapped to multiple loci |	6311735
             % of reads mapped to multiple loci |	14.08%
        Number of reads mapped to too many loci |	14975
             % of reads mapped to too many loci |	0.03%
                                  UNMAPPED READS:
  Number of reads unmapped: too many mismatches |	0
       % of reads unmapped: too many mismatches |	0.00%
            Number of reads unmapped: too short |	4443553
                 % of reads unmapped: too short |	9.91%
                Number of reads unmapped: other |	20169
                     % of reads unmapped: other |	0.04%
                                  CHIMERIC READS:
                       Number of chimeric reads |	0
                            % of chimeric reads |	0.00%
