                                 Started job on |	Jul 23 10:01:50
                             Started mapping on |	Jul 23 10:02:11
                                    Finished on |	Jul 23 10:11:28
       Mapping speed, Million of reads per hour |	284.61

                          Number of input reads |	44035196
                      Average input read length |	150
                                    UNIQUE READS:
                   Uniquely mapped reads number |	34301908
                        Uniquely mapped reads % |	77.90%
                          Average mapped length |	147.01
                       Number of splices: Total |	5824055
            Number of splices: Annotated (sjdb) |	0
                       Number of splices: GT/AG |	5726617
                       Number of splices: GC/AG |	34964
                       Number of splices: AT/AC |	3365
               Number of splices: Non-canonical |	59109
                      Mismatch rate per base, % |	1.37%
                         Deletion rate per base |	0.02%
                        Deletion average length |	1.95
                        Insertion rate per base |	0.01%
                       Insertion average length |	1.70
                             MULTI-MAPPING READS:
        Number of reads mapped to multiple loci |	4510362
             % of reads mapped to multiple loci |	10.24%
        Number of reads mapped to too many loci |	16801
             % of reads mapped to too many loci |	0.04%
                                  UNMAPPED READS:
  Number of reads unmapped: too many mismatches |	0
       % of reads unmapped: too many mismatches |	0.00%
            Number of reads unmapped: too short |	5190151
                 % of reads unmapped: too short |	11.79%
                Number of reads unmapped: other |	15974
                     % of reads unmapped: other |	0.04%
                                  CHIMERIC READS:
                       Number of chimeric reads |	0
                            % of chimeric reads |	0.00%
