                                 Started job on |	Jul 23 10:17:16
                             Started mapping on |	Jul 23 10:17:38
                                    Finished on |	Jul 23 10:35:18
       Mapping speed, Million of reads per hour |	145.01

                          Number of input reads |	42697072
                      Average input read length |	152
                                    UNIQUE READS:
                   Uniquely mapped reads number |	24260039
                        Uniquely mapped reads % |	56.82%
                          Average mapped length |	149.45
                       Number of splices: Total |	6483981
            Number of splices: Annotated (sjdb) |	0
                       Number of splices: GT/AG |	6410024
                       Number of splices: GC/AG |	36332
                       Number of splices: AT/AC |	2455
               Number of splices: Non-canonical |	35170
                      Mismatch rate per base, % |	1.09%
                         Deletion rate per base |	0.03%
                        Deletion average length |	2.17
                        Insertion rate per base |	0.02%
                       Insertion average length |	1.92
                             MULTI-MAPPING READS:
        Number of reads mapped to multiple loci |	3068718
             % of reads mapped to multiple loci |	7.19%
        Number of reads mapped to too many loci |	19324
             % of reads mapped to too many loci |	0.05%
                                  UNMAPPED READS:
  Number of reads unmapped: too many mismatches |	0
       % of reads unmapped: too many mismatches |	0.00%
            Number of reads unmapped: too short |	15329580
                 % of reads unmapped: too short |	35.90%
                Number of reads unmapped: other |	19411
                     % of reads unmapped: other |	0.05%
                                  CHIMERIC READS:
                       Number of chimeric reads |	0
                            % of chimeric reads |	0.00%
