                                 Started job on |	Jul 23 10:21:18
                             Started mapping on |	Jul 23 10:21:39
                                    Finished on |	Jul 23 10:31:17
       Mapping speed, Million of reads per hour |	304.67

                          Number of input reads |	48916318
                      Average input read length |	150
                                    UNIQUE READS:
                   Uniquely mapped reads number |	33177032
                        Uniquely mapped reads % |	67.82%
                          Average mapped length |	147.77
                       Number of splices: Total |	6168442
            Number of splices: Annotated (sjdb) |	0
                       Number of splices: GT/AG |	6077949
                       Number of splices: GC/AG |	36146
                       Number of splices: AT/AC |	3195
               Number of splices: Non-canonical |	51152
                      Mismatch rate per base, % |	1.15%
                         Deletion rate per base |	0.01%
                        Deletion average length |	1.92
                        Insertion rate per base |	0.01%
                       Insertion average length |	1.77
                             MULTI-MAPPING READS:
        Number of reads mapped to multiple loci |	12197853
             % of reads mapped to multiple loci |	24.94%
        Number of reads mapped to too many loci |	13198
             % of reads mapped to too many loci |	0.03%
                                  UNMAPPED READS:
  Number of reads unmapped: too many mismatches |	0
       % of reads unmapped: too many mismatches |	0.00%
            Number of reads unmapped: too short |	3508562
                 % of reads unmapped: too short |	7.17%
                Number of reads unmapped: other |	19673
                     % of reads unmapped: other |	0.04%
                                  CHIMERIC READS:
                       Number of chimeric reads |	0
                            % of chimeric reads |	0.00%
