                                 Started job on |	Jan 17 18:00:11
                             Started mapping on |	Jan 17 18:04:44
                                    Finished on |	Jan 17 18:15:03
       Mapping speed, Million of reads per hour |	289.12

                          Number of input reads |	49712330
                      Average input read length |	150
                                    UNIQUE READS:
                   Uniquely mapped reads number |	40900808
                        Uniquely mapped reads % |	82.27%
                          Average mapped length |	148.03
                       Number of splices: Total |	5411796
            Number of splices: Annotated (sjdb) |	0
                       Number of splices: GT/AG |	5327758
                       Number of splices: GC/AG |	32979
                       Number of splices: AT/AC |	3353
               Number of splices: Non-canonical |	47706
                      Mismatch rate per base, % |	1.16%
                         Deletion rate per base |	0.02%
                        Deletion average length |	1.98
                        Insertion rate per base |	0.01%
                       Insertion average length |	1.76
                             MULTI-MAPPING READS:
        Number of reads mapped to multiple loci |	5257914
             % of reads mapped to multiple loci |	10.58%
        Number of reads mapped to too many loci |	16695
             % of reads mapped to too many loci |	0.03%
                                  UNMAPPED READS:
  Number of reads unmapped: too many mismatches |	0
       % of reads unmapped: too many mismatches |	0.00%
            Number of reads unmapped: too short |	3509697
                 % of reads unmapped: too short |	7.06%
                Number of reads unmapped: other |	27216
                     % of reads unmapped: other |	0.05%
                                  CHIMERIC READS:
                       Number of chimeric reads |	0
                            % of chimeric reads |	0.00%
