                                 Started job on |	Jul 23 11:31:27
                             Started mapping on |	Jul 23 11:31:49
                                    Finished on |	Jul 23 11:39:49
       Mapping speed, Million of reads per hour |	304.97

                          Number of input reads |	40662563
                      Average input read length |	150
                                    UNIQUE READS:
                   Uniquely mapped reads number |	27223629
                        Uniquely mapped reads % |	66.95%
                          Average mapped length |	147.27
                       Number of splices: Total |	4789147
            Number of splices: Annotated (sjdb) |	0
                       Number of splices: GT/AG |	4699376
                       Number of splices: GC/AG |	28745
                       Number of splices: AT/AC |	2798
               Number of splices: Non-canonical |	58228
                      Mismatch rate per base, % |	1.15%
                         Deletion rate per base |	0.02%
                        Deletion average length |	1.91
                        Insertion rate per base |	0.01%
                       Insertion average length |	1.72
                             MULTI-MAPPING READS:
        Number of reads mapped to multiple loci |	9859048
             % of reads mapped to multiple loci |	24.25%
        Number of reads mapped to too many loci |	11973
             % of reads mapped to too many loci |	0.03%
                                  UNMAPPED READS:
  Number of reads unmapped: too many mismatches |	0
       % of reads unmapped: too many mismatches |	0.00%
            Number of reads unmapped: too short |	3553103
                 % of reads unmapped: too short |	8.74%
                Number of reads unmapped: other |	14810
                     % of reads unmapped: other |	0.04%
                                  CHIMERIC READS:
                       Number of chimeric reads |	0
                            % of chimeric reads |	0.00%
