                                 Started job on |	Jul 23 10:20:49
                             Started mapping on |	Jul 23 10:21:11
                                    Finished on |	Jul 23 10:27:29
       Mapping speed, Million of reads per hour |	298.15

                          Number of input reads |	31305552
                      Average input read length |	150
                                    UNIQUE READS:
                   Uniquely mapped reads number |	24281454
                        Uniquely mapped reads % |	77.56%
                          Average mapped length |	147.79
                       Number of splices: Total |	3859832
            Number of splices: Annotated (sjdb) |	0
                       Number of splices: GT/AG |	3802617
                       Number of splices: GC/AG |	22573
                       Number of splices: AT/AC |	2201
               Number of splices: Non-canonical |	32441
                      Mismatch rate per base, % |	1.22%
                         Deletion rate per base |	0.02%
                        Deletion average length |	1.93
                        Insertion rate per base |	0.01%
                       Insertion average length |	1.74
                             MULTI-MAPPING READS:
        Number of reads mapped to multiple loci |	4664434
             % of reads mapped to multiple loci |	14.90%
        Number of reads mapped to too many loci |	11441
             % of reads mapped to too many loci |	0.04%
                                  UNMAPPED READS:
  Number of reads unmapped: too many mismatches |	0
       % of reads unmapped: too many mismatches |	0.00%
            Number of reads unmapped: too short |	2329961
                 % of reads unmapped: too short |	7.44%
                Number of reads unmapped: other |	18262
                     % of reads unmapped: other |	0.06%
                                  CHIMERIC READS:
                       Number of chimeric reads |	0
                            % of chimeric reads |	0.00%
