                                 Started job on |	Jan 17 17:59:20
                             Started mapping on |	Jan 17 18:00:16
                                    Finished on |	Jan 17 18:12:42
       Mapping speed, Million of reads per hour |	241.97

                          Number of input reads |	50140802
                      Average input read length |	150
                                    UNIQUE READS:
                   Uniquely mapped reads number |	36088681
                        Uniquely mapped reads % |	71.97%
                          Average mapped length |	147.49
                       Number of splices: Total |	5766154
            Number of splices: Annotated (sjdb) |	0
                       Number of splices: GT/AG |	5670742
                       Number of splices: GC/AG |	35362
                       Number of splices: AT/AC |	2995
               Number of splices: Non-canonical |	57055
                      Mismatch rate per base, % |	1.37%
                         Deletion rate per base |	0.02%
                        Deletion average length |	1.44
                        Insertion rate per base |	0.01%
                       Insertion average length |	1.73
                             MULTI-MAPPING READS:
        Number of reads mapped to multiple loci |	8718262
             % of reads mapped to multiple loci |	17.39%
        Number of reads mapped to too many loci |	18073
             % of reads mapped to too many loci |	0.04%
                                  UNMAPPED READS:
  Number of reads unmapped: too many mismatches |	0
       % of reads unmapped: too many mismatches |	0.00%
            Number of reads unmapped: too short |	5298769
                 % of reads unmapped: too short |	10.57%
                Number of reads unmapped: other |	17017
                     % of reads unmapped: other |	0.03%
                                  CHIMERIC READS:
                       Number of chimeric reads |	0
                            % of chimeric reads |	0.00%
