                                 Started job on |	Jul 23 09:57:18
                             Started mapping on |	Jul 23 09:57:40
                                    Finished on |	Jul 23 10:09:41
       Mapping speed, Million of reads per hour |	283.96

                          Number of input reads |	56870499
                      Average input read length |	150
                                    UNIQUE READS:
                   Uniquely mapped reads number |	42015614
                        Uniquely mapped reads % |	73.88%
                          Average mapped length |	147.34
                       Number of splices: Total |	7501730
            Number of splices: Annotated (sjdb) |	0
                       Number of splices: GT/AG |	7375860
                       Number of splices: GC/AG |	44214
                       Number of splices: AT/AC |	3543
               Number of splices: Non-canonical |	78113
                      Mismatch rate per base, % |	1.26%
                         Deletion rate per base |	0.02%
                        Deletion average length |	1.81
                        Insertion rate per base |	0.01%
                       Insertion average length |	1.79
                             MULTI-MAPPING READS:
        Number of reads mapped to multiple loci |	8638664
             % of reads mapped to multiple loci |	15.19%
        Number of reads mapped to too many loci |	22007
             % of reads mapped to too many loci |	0.04%
                                  UNMAPPED READS:
  Number of reads unmapped: too many mismatches |	0
       % of reads unmapped: too many mismatches |	0.00%
            Number of reads unmapped: too short |	6163812
                 % of reads unmapped: too short |	10.84%
                Number of reads unmapped: other |	30402
                     % of reads unmapped: other |	0.05%
                                  CHIMERIC READS:
                       Number of chimeric reads |	0
                            % of chimeric reads |	0.00%
