                                 Started job on |	Jan 17 18:00:11
                             Started mapping on |	Jan 17 18:01:01
                                    Finished on |	Jan 17 18:16:20
       Mapping speed, Million of reads per hour |	215.34

                          Number of input reads |	54972048
                      Average input read length |	150
                                    UNIQUE READS:
                   Uniquely mapped reads number |	41387329
                        Uniquely mapped reads % |	75.29%
                          Average mapped length |	147.69
                       Number of splices: Total |	6191524
            Number of splices: Annotated (sjdb) |	0
                       Number of splices: GT/AG |	6074837
                       Number of splices: GC/AG |	41347
                       Number of splices: AT/AC |	3245
               Number of splices: Non-canonical |	72095
                      Mismatch rate per base, % |	1.21%
                         Deletion rate per base |	0.02%
                        Deletion average length |	1.89
                        Insertion rate per base |	0.01%
                       Insertion average length |	1.77
                             MULTI-MAPPING READS:
        Number of reads mapped to multiple loci |	5216045
             % of reads mapped to multiple loci |	9.49%
        Number of reads mapped to too many loci |	27870
             % of reads mapped to too many loci |	0.05%
                                  UNMAPPED READS:
  Number of reads unmapped: too many mismatches |	0
       % of reads unmapped: too many mismatches |	0.00%
            Number of reads unmapped: too short |	8303341
                 % of reads unmapped: too short |	15.10%
                Number of reads unmapped: other |	37463
                     % of reads unmapped: other |	0.07%
                                  CHIMERIC READS:
                       Number of chimeric reads |	0
                            % of chimeric reads |	0.00%
