                                 Started job on |	Jul 23 09:57:18
                             Started mapping on |	Jul 23 09:57:39
                                    Finished on |	Jul 23 10:16:15
       Mapping speed, Million of reads per hour |	143.78

                          Number of input reads |	44570972
                      Average input read length |	152
                                    UNIQUE READS:
                   Uniquely mapped reads number |	25903213
                        Uniquely mapped reads % |	58.12%
                          Average mapped length |	149.55
                       Number of splices: Total |	7287105
            Number of splices: Annotated (sjdb) |	0
                       Number of splices: GT/AG |	7214841
                       Number of splices: GC/AG |	35449
                       Number of splices: AT/AC |	2536
               Number of splices: Non-canonical |	34279
                      Mismatch rate per base, % |	1.03%
                         Deletion rate per base |	0.03%
                        Deletion average length |	2.16
                        Insertion rate per base |	0.02%
                       Insertion average length |	1.92
                             MULTI-MAPPING READS:
        Number of reads mapped to multiple loci |	3759818
             % of reads mapped to multiple loci |	8.44%
        Number of reads mapped to too many loci |	19238
             % of reads mapped to too many loci |	0.04%
                                  UNMAPPED READS:
  Number of reads unmapped: too many mismatches |	0
       % of reads unmapped: too many mismatches |	0.00%
            Number of reads unmapped: too short |	14872578
                 % of reads unmapped: too short |	33.37%
                Number of reads unmapped: other |	16125
                     % of reads unmapped: other |	0.04%
                                  CHIMERIC READS:
                       Number of chimeric reads |	0
                            % of chimeric reads |	0.00%
