                                 Started job on |	Jul 23 10:00:17
                             Started mapping on |	Jul 23 10:00:39
                                    Finished on |	Jul 23 10:09:23
       Mapping speed, Million of reads per hour |	304.83

                          Number of input reads |	44369693
                      Average input read length |	150
                                    UNIQUE READS:
                   Uniquely mapped reads number |	33132338
                        Uniquely mapped reads % |	74.67%
                          Average mapped length |	147.63
                       Number of splices: Total |	5616884
            Number of splices: Annotated (sjdb) |	0
                       Number of splices: GT/AG |	5532216
                       Number of splices: GC/AG |	32371
                       Number of splices: AT/AC |	3003
               Number of splices: Non-canonical |	49294
                      Mismatch rate per base, % |	1.17%
                         Deletion rate per base |	0.02%
                        Deletion average length |	1.93
                        Insertion rate per base |	0.01%
                       Insertion average length |	1.78
                             MULTI-MAPPING READS:
        Number of reads mapped to multiple loci |	7314850
             % of reads mapped to multiple loci |	16.49%
        Number of reads mapped to too many loci |	12730
             % of reads mapped to too many loci |	0.03%
                                  UNMAPPED READS:
  Number of reads unmapped: too many mismatches |	0
       % of reads unmapped: too many mismatches |	0.00%
            Number of reads unmapped: too short |	3891854
                 % of reads unmapped: too short |	8.77%
                Number of reads unmapped: other |	17921
                     % of reads unmapped: other |	0.04%
                                  CHIMERIC READS:
                       Number of chimeric reads |	0
                            % of chimeric reads |	0.00%
