                                 Started job on |	Jul 23 10:21:17
                             Started mapping on |	Jul 23 10:21:40
                                    Finished on |	Jul 23 10:32:57
       Mapping speed, Million of reads per hour |	312.07

                          Number of input reads |	58687358
                      Average input read length |	150
                                    UNIQUE READS:
                   Uniquely mapped reads number |	37787972
                        Uniquely mapped reads % |	64.39%
                          Average mapped length |	147.58
                       Number of splices: Total |	7756626
            Number of splices: Annotated (sjdb) |	0
                       Number of splices: GT/AG |	7652036
                       Number of splices: GC/AG |	40836
                       Number of splices: AT/AC |	4021
               Number of splices: Non-canonical |	59733
                      Mismatch rate per base, % |	1.13%
                         Deletion rate per base |	0.01%
                        Deletion average length |	1.93
                        Insertion rate per base |	0.01%
                       Insertion average length |	1.67
                             MULTI-MAPPING READS:
        Number of reads mapped to multiple loci |	16788345
             % of reads mapped to multiple loci |	28.61%
        Number of reads mapped to too many loci |	19685
             % of reads mapped to too many loci |	0.03%
                                  UNMAPPED READS:
  Number of reads unmapped: too many mismatches |	0
       % of reads unmapped: too many mismatches |	0.00%
            Number of reads unmapped: too short |	4077222
                 % of reads unmapped: too short |	6.95%
                Number of reads unmapped: other |	14134
                     % of reads unmapped: other |	0.02%
                                  CHIMERIC READS:
                       Number of chimeric reads |	0
                            % of chimeric reads |	0.00%
