                                 Started job on |	Jul 23 10:21:18
                             Started mapping on |	Jul 23 10:21:40
                                    Finished on |	Jul 23 10:31:26
       Mapping speed, Million of reads per hour |	317.33

                          Number of input reads |	51654160
                      Average input read length |	150
                                    UNIQUE READS:
                   Uniquely mapped reads number |	35696099
                        Uniquely mapped reads % |	69.11%
                          Average mapped length |	147.47
                       Number of splices: Total |	6183718
            Number of splices: Annotated (sjdb) |	0
                       Number of splices: GT/AG |	6087879
                       Number of splices: GC/AG |	33274
                       Number of splices: AT/AC |	3734
               Number of splices: Non-canonical |	58831
                      Mismatch rate per base, % |	1.15%
                         Deletion rate per base |	0.02%
                        Deletion average length |	1.99
                        Insertion rate per base |	0.01%
                       Insertion average length |	1.67
                             MULTI-MAPPING READS:
        Number of reads mapped to multiple loci |	11935376
             % of reads mapped to multiple loci |	23.11%
        Number of reads mapped to too many loci |	10857
             % of reads mapped to too many loci |	0.02%
                                  UNMAPPED READS:
  Number of reads unmapped: too many mismatches |	0
       % of reads unmapped: too many mismatches |	0.00%
            Number of reads unmapped: too short |	3999353
                 % of reads unmapped: too short |	7.74%
                Number of reads unmapped: other |	12475
                     % of reads unmapped: other |	0.02%
                                  CHIMERIC READS:
                       Number of chimeric reads |	0
                            % of chimeric reads |	0.00%
