                                 Started job on |	Jul 23 10:20:49
                             Started mapping on |	Jul 23 10:21:11
                                    Finished on |	Jul 23 10:30:38
       Mapping speed, Million of reads per hour |	312.06

                          Number of input reads |	49150221
                      Average input read length |	150
                                    UNIQUE READS:
                   Uniquely mapped reads number |	33748177
                        Uniquely mapped reads % |	68.66%
                          Average mapped length |	147.63
                       Number of splices: Total |	6276897
            Number of splices: Annotated (sjdb) |	0
                       Number of splices: GT/AG |	6189966
                       Number of splices: GC/AG |	35159
                       Number of splices: AT/AC |	3962
               Number of splices: Non-canonical |	47810
                      Mismatch rate per base, % |	1.18%
                         Deletion rate per base |	0.02%
                        Deletion average length |	1.92
                        Insertion rate per base |	0.01%
                       Insertion average length |	1.73
                             MULTI-MAPPING READS:
        Number of reads mapped to multiple loci |	11819927
             % of reads mapped to multiple loci |	24.05%
        Number of reads mapped to too many loci |	9383
             % of reads mapped to too many loci |	0.02%
                                  UNMAPPED READS:
  Number of reads unmapped: too many mismatches |	0
       % of reads unmapped: too many mismatches |	0.00%
            Number of reads unmapped: too short |	3560206
                 % of reads unmapped: too short |	7.24%
                Number of reads unmapped: other |	12528
                     % of reads unmapped: other |	0.03%
                                  CHIMERIC READS:
                       Number of chimeric reads |	0
                            % of chimeric reads |	0.00%
