                                 Started job on |	Jul 22 18:58:52
                             Started mapping on |	Jul 22 18:59:13
                                    Finished on |	Jul 22 19:13:11
       Mapping speed, Million of reads per hour |	164.40

                          Number of input reads |	38269204
                      Average input read length |	152
                                    UNIQUE READS:
                   Uniquely mapped reads number |	25172465
                        Uniquely mapped reads % |	65.78%
                          Average mapped length |	149.65
                       Number of splices: Total |	6229700
            Number of splices: Annotated (sjdb) |	0
                       Number of splices: GT/AG |	6159479
                       Number of splices: GC/AG |	33584
                       Number of splices: AT/AC |	2389
               Number of splices: Non-canonical |	34248
                      Mismatch rate per base, % |	1.01%
                         Deletion rate per base |	0.03%
                        Deletion average length |	2.17
                        Insertion rate per base |	0.02%
                       Insertion average length |	1.93
                             MULTI-MAPPING READS:
        Number of reads mapped to multiple loci |	2464521
             % of reads mapped to multiple loci |	6.44%
        Number of reads mapped to too many loci |	17380
             % of reads mapped to too many loci |	0.05%
                                  UNMAPPED READS:
  Number of reads unmapped: too many mismatches |	0
       % of reads unmapped: too many mismatches |	0.00%
            Number of reads unmapped: too short |	10595348
                 % of reads unmapped: too short |	27.69%
                Number of reads unmapped: other |	19490
                     % of reads unmapped: other |	0.05%
                                  CHIMERIC READS:
                       Number of chimeric reads |	0
                            % of chimeric reads |	0.00%
