                                 Started job on |	Jan 17 17:59:20
                             Started mapping on |	Jan 17 18:00:16
                                    Finished on |	Jan 17 18:09:38
       Mapping speed, Million of reads per hour |	284.12

                          Number of input reads |	44353962
                      Average input read length |	150
                                    UNIQUE READS:
                   Uniquely mapped reads number |	36593523
                        Uniquely mapped reads % |	82.50%
                          Average mapped length |	147.69
                       Number of splices: Total |	5857157
            Number of splices: Annotated (sjdb) |	0
                       Number of splices: GT/AG |	5768781
                       Number of splices: GC/AG |	36114
                       Number of splices: AT/AC |	3352
               Number of splices: Non-canonical |	48910
                      Mismatch rate per base, % |	1.21%
                         Deletion rate per base |	0.02%
                        Deletion average length |	1.88
                        Insertion rate per base |	0.01%
                       Insertion average length |	1.81
                             MULTI-MAPPING READS:
        Number of reads mapped to multiple loci |	3569375
             % of reads mapped to multiple loci |	8.05%
        Number of reads mapped to too many loci |	16323
             % of reads mapped to too many loci |	0.04%
                                  UNMAPPED READS:
  Number of reads unmapped: too many mismatches |	0
       % of reads unmapped: too many mismatches |	0.00%
            Number of reads unmapped: too short |	4156607
                 % of reads unmapped: too short |	9.37%
                Number of reads unmapped: other |	18134
                     % of reads unmapped: other |	0.04%
                                  CHIMERIC READS:
                       Number of chimeric reads |	0
                            % of chimeric reads |	0.00%
