                                 Started job on |	Jan 17 18:00:11
                             Started mapping on |	Jan 17 18:01:01
                                    Finished on |	Jan 17 18:11:59
       Mapping speed, Million of reads per hour |	243.75

                          Number of input reads |	44551504
                      Average input read length |	150
                                    UNIQUE READS:
                   Uniquely mapped reads number |	37243173
                        Uniquely mapped reads % |	83.60%
                          Average mapped length |	147.93
                       Number of splices: Total |	4832341
            Number of splices: Annotated (sjdb) |	0
                       Number of splices: GT/AG |	4755554
                       Number of splices: GC/AG |	30356
                       Number of splices: AT/AC |	2848
               Number of splices: Non-canonical |	43583
                      Mismatch rate per base, % |	1.12%
                         Deletion rate per base |	0.02%
                        Deletion average length |	1.98
                        Insertion rate per base |	0.01%
                       Insertion average length |	1.76
                             MULTI-MAPPING READS:
        Number of reads mapped to multiple loci |	3470623
             % of reads mapped to multiple loci |	7.79%
        Number of reads mapped to too many loci |	21325
             % of reads mapped to too many loci |	0.05%
                                  UNMAPPED READS:
  Number of reads unmapped: too many mismatches |	0
       % of reads unmapped: too many mismatches |	0.00%
            Number of reads unmapped: too short |	3784352
                 % of reads unmapped: too short |	8.49%
                Number of reads unmapped: other |	32031
                     % of reads unmapped: other |	0.07%
                                  CHIMERIC READS:
                       Number of chimeric reads |	0
                            % of chimeric reads |	0.00%
