========================JOB INFO=========================
Job ID: 812727
Job name: genomics-sample26
Start date: Thu Aug  1 12:32:20 CDT 2024
Current directory: /scratch/09961/jaturcin/work/cyno-bomv
=========================================================

[MSG] STEP 0: CHECKING INPUTS
[MSG] Host index: pipeline/mfascicularis-v6.0/mfascicularis-v6.0
[MSG] Host index: pipeline/bomv-MF319186.1/bomv-MF319186.1
[MSG] Reference FASTA: pipeline/bomv-MF319186.1.fa
[MSG] First FASTQ file: data/fastq/sample26-r1.fq.gz
[MSG] Second FASTQ file: data/fastq/sample26-r2.fq.gz
[MSG] Valid output directory: data/genomics
[MSG] Working with sample: sample26
[MSG] Done checking inputs!

[MSG] STEP 1: DISCARD HOST READS
[MSG] CMD: bowtie2 --threads 8 --quiet -x 'pipeline/mfascicularis-v6.0/mfascicularis-v6.0' --un-conc-gz 'data/genomics/sample26/filtered-r%.fq.gz' -1 'data/fastq/sample26-r1.fq.gz' -2 'data/fastq/sample26-r2.fq.gz' > /dev/null
WARNING: Skipping mount /var/apptainer/mnt/session/etc/resolv.conf [files]: /etc/resolv.conf doesn't exist in container
[MSG] Host alignment succeeded
[MSG] STEP 2: METAGENOMIC CLASSIFICATION
[MSG] CMD: kraken2 --threads 8 --db 'pipeline/kraken2db' --output - --report 'data/genomics/sample26/metagenomics.tsv' --use-names --gzip-compressed --paired 'data/genomics/sample26/filtered-r1.fq.gz' 'data/genomics/sample26/filtered-r2.fq.gz'
WARNING: Skipping mount /var/apptainer/mnt/session/etc/resolv.conf [files]: /etc/resolv.conf doesn't exist in container
Loading database information... done.
11643678 sequences (1746.55 Mbp) processed in 39.768s (17567.3 Kseq/m, 2635.09 Mbp/m).
  8633550 sequences classified (74.15%)
  3010128 sequences unclassified (25.85%)
[MSG] Metagenomic classification succeeded

[MSG] STEP 3: ALIGN TO VIRUS
[MSG] CMD: bowtie2 --threads 8 -x 'pipeline/bomv-MF319186.1/bomv-MF319186.1' -1 'data/genomics/sample26/filtered-r1.fq.gz' -2 'data/genomics/sample26/filtered-r2.fq.gz' > 'data/genomics/sample26/alignment.sam'
WARNING: Skipping mount /var/apptainer/mnt/session/etc/resolv.conf [files]: /etc/resolv.conf doesn't exist in container
11643678 reads; of these:
  11643678 (100.00%) were paired; of these:
    11643066 (99.99%) aligned concordantly 0 times
    612 (0.01%) aligned concordantly exactly 1 time
    0 (0.00%) aligned concordantly >1 times
    ----
    11643066 pairs aligned concordantly 0 times; of these:
      2 (0.00%) aligned discordantly 1 time
    ----
    11643064 pairs aligned 0 times concordantly or discordantly; of these:
      23286128 mates make up the pairs; of these:
        23286121 (100.00%) aligned 0 times
        7 (0.00%) aligned exactly 1 time
        0 (0.00%) aligned >1 times
0.01% overall alignment rate
[MSG] Viral alignment succeeded
samtools idxstats: file is not position sorted
samtools idxstats: failed to process "data/genomics/sample26/alignment.sam"
/var/spool/slurmd/job812727/slurm_script: line 248: [: -eq: unary operator expected
[MSG] CMD: samtools view --threads 8 -b -h 'data/genomics/sample26/alignment.sam' > 'data/genomics/sample26/alignment-raw.bam'
[MSG] Compression succeeded

[MSG] STEP 4: PROCESS ALIGNMENT
[MSG] CMD: samtools sort --threads 8 'data/genomics/sample26/alignment-raw.bam' > 'data/genomics/sample26/alignment-sorted.bam'
[bam_sort_core] merging from 0 files and 8 in-memory blocks...
[MSG] Sorting succeeded
[MSG] CMD: lofreq indelqual --dindel --ref 'pipeline/bomv-MF319186.1.fa' 'data/genomics/sample26/alignment-sorted.bam' > 'data/genomics/sample26/alignment.bam'
WARNING: Skipping mount /var/apptainer/mnt/session/etc/resolv.conf [files]: /etc/resolv.conf doesn't exist in container
[MSG] Indelqual succeeded
[MSG] CMD: samtools index 'data/genomics/sample26/alignment.bam'
[MSG] Indexing succeeded

[MSG] STEP 5: CALCULATE COVERAGE
[MSG] CMD: samtools depth --threads 8 -a -H 'data/genomics/sample26/alignment.bam' > 'data/genomics/sample26/coverage.tsv'
[MSG] Coverage succeeded

[MSG] STEP 6: ASSEMBLE CONSENSUS
[MSG] CMD: samtools consensus --threads 8 -a --use-qual --min-depth 100 --call-fract 0.5 --mode simple  --output 'data/genomics/sample26/consensus-tmp.fa' 'data/genomics/sample26/alignment.bam'
[MSG] Consensus succeeded
[MSG] Updating consensus header

[MSG] STEP 7: QUANTIFY SNVs
[MSG] CMD: lofreq call-parallel --pp-threads 8 --call-indels --min-cov 100 --ref 'pipeline/bomv-MF319186.1.fa' 'data/genomics/sample26/alignment.bam' > 'data/genomics/sample26/snvs.vcf'
WARNING: Skipping mount /var/apptainer/mnt/session/etc/resolv.conf [files]: /etc/resolv.conf doesn't exist in container
INFO [2024-08-01 13:30:34,613]: Using 8 threads with following basic args: lofreq call --call-indels --min-cov 100 --ref pipeline/bomv-MF319186.1.fa data/genomics/sample26/alignment.bam

INFO [2024-08-01 13:30:34,622]: Adding 19 commands to mp-pool
Number of substitution tests performed: 0
Number of indel tests performed: 0
INFO [2024-08-01 13:30:34,751]: Executing lofreq filter -i /tmp/lofreq2_call_parallelrky00jkn/concat.vcf.gz -o - --snvqual-thresh 20 --indelqual-thresh 20

[MSG] LoFreq succeeded

[MSG] Pipeline complete! Printing package versions...

Currently Loaded Modules:
  1) intel/24.0             7) biocontainers/0.1.0
  2) impi/21.11             8) bowtie2/ctr-2.3.4.3--py37he860b03_1
  3) autotools/1.4          9) samtools/ctr-1.20--h50ea8bc_0
  4) cmake/3.28.1          10) kraken2/ctr-2.0.7_beta--pl526h2d50403_0
  5) TACC                  11) lofreq/ctr-2.1.3.1--py36_0
  6) tacc-apptainer/1.2.5

 

[MSG] JOB COMPLETE!

