========================JOB INFO=========================
Job ID: 813007
Job name: genomics-sample36
Start date: Thu Aug  1 13:56:41 CDT 2024
Current directory: /scratch/09961/jaturcin/work/cyno-bomv
=========================================================

[MSG] STEP 0: CHECKING INPUTS
[MSG] Host index: pipeline/mfascicularis-v6.0/mfascicularis-v6.0
[MSG] Host index: pipeline/bomv-MF319186.1/bomv-MF319186.1
[MSG] Reference FASTA: pipeline/bomv-MF319186.1.fa
[MSG] First FASTQ file: data/fastq/sample36-r1.fq.gz
[MSG] Second FASTQ file: data/fastq/sample36-r2.fq.gz
[MSG] Valid output directory: data/genomics
[MSG] Working with sample: sample36
[MSG] Done checking inputs!

[MSG] STEP 1: DISCARD HOST READS
[MSG] CMD: bowtie2 --threads 8 --quiet -x 'pipeline/mfascicularis-v6.0/mfascicularis-v6.0' --un-conc-gz 'data/genomics/sample36/filtered-r%.fq.gz' -1 'data/fastq/sample36-r1.fq.gz' -2 'data/fastq/sample36-r2.fq.gz' > /dev/null
WARNING: Skipping mount /var/apptainer/mnt/session/etc/resolv.conf [files]: /etc/resolv.conf doesn't exist in container
[MSG] Host alignment succeeded
[MSG] STEP 2: METAGENOMIC CLASSIFICATION
[MSG] CMD: kraken2 --threads 8 --db 'pipeline/kraken2db' --output - --report 'data/genomics/sample36/metagenomics.tsv' --use-names --gzip-compressed --paired 'data/genomics/sample36/filtered-r1.fq.gz' 'data/genomics/sample36/filtered-r2.fq.gz'
WARNING: Skipping mount /var/apptainer/mnt/session/etc/resolv.conf [files]: /etc/resolv.conf doesn't exist in container
Loading database information... done.
16156554 sequences (2423.48 Mbp) processed in 53.828s (18009.0 Kseq/m, 2701.35 Mbp/m).
  12283888 sequences classified (76.03%)
  3872666 sequences unclassified (23.97%)
[MSG] Metagenomic classification succeeded

[MSG] STEP 3: ALIGN TO VIRUS
[MSG] CMD: bowtie2 --threads 8 -x 'pipeline/bomv-MF319186.1/bomv-MF319186.1' -1 'data/genomics/sample36/filtered-r1.fq.gz' -2 'data/genomics/sample36/filtered-r2.fq.gz' > 'data/genomics/sample36/alignment.sam'
WARNING: Skipping mount /var/apptainer/mnt/session/etc/resolv.conf [files]: /etc/resolv.conf doesn't exist in container
16156554 reads; of these:
  16156554 (100.00%) were paired; of these:
    16156554 (100.00%) aligned concordantly 0 times
    0 (0.00%) aligned concordantly exactly 1 time
    0 (0.00%) aligned concordantly >1 times
    ----
    16156554 pairs aligned concordantly 0 times; of these:
      0 (0.00%) aligned discordantly 1 time
    ----
    16156554 pairs aligned 0 times concordantly or discordantly; of these:
      32313108 mates make up the pairs; of these:
        32313108 (100.00%) aligned 0 times
        0 (0.00%) aligned exactly 1 time
        0 (0.00%) aligned >1 times
0.00% overall alignment rate
[MSG] Viral alignment succeeded
[MSG] WARNING! No viral reads aligned. Aborting...

Currently Loaded Modules:
  1) intel/24.0             7) biocontainers/0.1.0
  2) impi/21.11             8) bowtie2/ctr-2.3.4.3--py37he860b03_1
  3) autotools/1.4          9) samtools/ctr-1.20--h50ea8bc_0
  4) cmake/3.28.1          10) kraken2/ctr-2.0.7_beta--pl526h2d50403_0
  5) TACC                  11) lofreq/ctr-2.1.3.1--py36_0
  6) tacc-apptainer/1.2.5

 

[MSG] JOB COMPLETE!

